{"/Users/mk/workspace/hinoki/lib/hinoki.js":{"path":"/Users/mk/workspace/hinoki/lib/hinoki.js","s":{"1":1,"2":1,"3":0,"4":1,"5":1,"6":0,"7":0,"8":0,"9":0,"10":0,"11":0,"12":0,"13":1,"14":1,"15":50,"16":50,"17":50,"18":49,"19":49,"20":1,"21":1,"22":50,"23":50,"24":12,"25":12,"26":12,"27":38,"28":1,"29":1,"30":1,"31":37,"32":37,"33":1,"34":1,"35":233,"36":233,"37":233,"38":1,"39":72,"40":72,"41":72,"42":124,"43":124,"44":124,"45":124,"46":72,"47":1,"48":161,"49":161,"50":161,"51":161,"52":62,"53":62,"54":62,"55":99,"56":99,"57":2,"58":97,"59":1,"60":96,"61":8,"62":96,"63":96,"64":96,"65":96,"66":96,"67":98,"68":98,"69":98,"70":98,"71":2,"72":96,"73":94,"74":59,"75":59,"76":59,"77":35,"78":35,"79":94,"80":90,"81":94,"82":94,"83":94,"84":84,"85":84,"86":84,"87":10,"88":10,"89":10,"90":94,"91":1,"92":104,"93":104,"94":104,"95":3,"96":3,"97":2,"98":1,"99":1,"100":100,"101":100,"102":100,"103":2,"104":98,"105":1,"106":97,"107":23,"108":2,"109":23,"110":22,"111":2,"112":22,"113":1,"114":74,"115":6,"116":74,"117":1,"118":14,"119":14,"120":26,"121":26,"122":26,"123":26,"124":2,"125":24,"126":15,"127":15,"128":11,"129":15,"130":9,"131":9,"132":14,"133":5,"134":9,"135":9,"136":9,"137":9,"138":9,"139":9,"140":22,"141":22,"142":13,"143":9,"144":1,"145":90,"146":90,"147":85,"148":5,"149":5,"150":5,"151":1,"152":1,"153":1,"154":2,"155":2,"156":2,"157":2,"158":2,"159":1,"160":1,"161":2,"162":2,"163":2,"164":2,"165":2,"166":1,"167":1,"168":1,"169":1,"170":1,"171":1,"172":1,"173":1,"174":1,"175":1,"176":1,"177":2,"178":2,"179":2,"180":2,"181":2,"182":2,"183":1,"184":1,"185":1,"186":1,"187":1,"188":1,"189":1,"190":1,"191":1,"192":1,"193":1,"194":3,"195":3,"196":3,"197":3,"198":3,"199":3,"200":1,"201":1,"202":4,"203":1,"204":36,"205":1,"206":164,"207":164,"208":35,"209":129,"210":129,"211":127,"212":111,"213":16,"214":16,"215":32,"216":32,"217":32,"218":39,"219":16,"220":127,"221":108,"222":127,"223":2,"224":1,"225":134,"226":134,"227":134,"228":1,"229":1,"230":5,"231":0,"232":5,"233":1,"234":22,"235":22,"236":22,"237":13,"238":13,"239":2,"240":11,"241":6,"242":11,"243":11,"244":11,"245":0,"246":11,"247":0,"248":11,"249":11,"250":9,"251":9,"252":9,"253":17,"254":20,"255":1,"256":111,"257":111,"258":57,"259":54,"260":2,"261":2,"262":12,"263":12,"264":12,"265":12,"266":32,"267":32,"268":10,"269":2,"270":2,"271":2,"272":2,"273":2,"274":7,"275":3,"276":2,"277":2,"278":52,"279":5,"280":0,"281":5,"282":47,"283":47,"284":129,"285":47,"286":8,"287":47,"288":0,"289":1,"290":4,"291":4,"292":6,"293":6,"294":6,"295":3,"296":3,"297":1,"298":2,"299":1,"300":2,"301":2,"302":4,"303":4,"304":4,"305":1},"b":{"1":[0,1],"2":[1,0],"3":[1,0],"4":[1,1],"5":[0,0],"6":[0,0],"7":[0,0],"8":[49,1],"9":[12,38],"10":[1,37],"11":[1,1],"12":[1,0],"13":[1,0],"14":[62,99],"15":[25,37],"16":[4,21],"17":[6,31],"18":[2,97],"19":[1,96],"20":[8,88],"21":[2,96],"22":[59,35],"23":[94,0],"24":[84,0],"25":[10,0],"26":[2,1],"27":[2,98],"28":[1,97],"29":[23,74],"30":[2,21],"31":[2,20],"32":[6,68],"33":[2,24],"34":[15,9],"35":[9,0],"36":[5,9],"37":[9,0],"38":[13,9],"39":[85,5],"40":[2,0],"41":[2,0],"42":[1,0],"43":[2,0],"44":[1,0],"45":[3,0],"46":[35,129],"47":[127,2],"48":[129,113],"49":[111,16],"50":[108,19],"51":[134,17,12],"52":[1,0],"53":[0,5],"54":[13,9],"55":[2,11],"56":[13,8],"57":[6,5],"58":[0,11],"59":[0,11],"60":[9,0],"61":[57,54],"62":[2,52],"63":[10,22],"64":[3,4],"65":[5,47],"66":[0,5],"67":[47,0],"68":[3,3],"69":[1,2],"70":[4,0]},"f":{"1":1,"2":1,"3":50,"4":233,"5":72,"6":124,"7":161,"8":90,"9":84,"10":10,"11":104,"12":100,"13":22,"14":1,"15":14,"16":26,"17":11,"18":90,"19":0,"20":2,"21":2,"22":1,"23":2,"24":1,"25":3,"26":4,"27":36,"28":164,"29":32,"30":39,"31":134,"32":5,"33":22,"34":11,"35":17,"36":111,"37":12,"38":2,"39":7,"40":129,"41":8,"42":4,"43":6,"44":1},"fnMap":{"1":{"name":"(anonymous_1)","line":2,"loc":{"start":{"line":2,"column":1},"end":{"line":2,"column":25}}},"2":{"name":"(anonymous_2)","line":19,"loc":{"start":{"line":19,"column":9},"end":{"line":19,"column":60}}},"3":{"name":"(anonymous_3)","line":21,"loc":{"start":{"line":21,"column":11},"end":{"line":21,"column":38}}},"4":{"name":"(anonymous_4)","line":46,"loc":{"start":{"line":46,"column":33},"end":{"line":46,"column":64}}},"5":{"name":"(anonymous_5)","line":51,"loc":{"start":{"line":51,"column":35},"end":{"line":51,"column":83}}},"6":{"name":"(anonymous_6)","line":54,"loc":{"start":{"line":54,"column":39},"end":{"line":54,"column":54}}},"7":{"name":"(anonymous_7)","line":62,"loc":{"start":{"line":62,"column":34},"end":{"line":62,"column":81}}},"8":{"name":"(anonymous_8)","line":118,"loc":{"start":{"line":118,"column":56},"end":{"line":118,"column":83}}},"9":{"name":"(anonymous_9)","line":124,"loc":{"start":{"line":124,"column":50},"end":{"line":124,"column":66}}},"10":{"name":"(anonymous_10)","line":129,"loc":{"start":{"line":129,"column":16},"end":{"line":129,"column":32}}},"11":{"name":"(anonymous_11)","line":137,"loc":{"start":{"line":137,"column":20},"end":{"line":137,"column":40}}},"12":{"name":"(anonymous_12)","line":150,"loc":{"start":{"line":150,"column":31},"end":{"line":150,"column":69}}},"13":{"name":"(anonymous_13)","line":168,"loc":{"start":{"line":168,"column":25},"end":{"line":168,"column":41}}},"14":{"name":"(anonymous_14)","line":178,"loc":{"start":{"line":178,"column":18},"end":{"line":178,"column":38}}},"15":{"name":"(anonymous_15)","line":192,"loc":{"start":{"line":192,"column":34},"end":{"line":192,"column":84}}},"16":{"name":"(anonymous_16)","line":194,"loc":{"start":{"line":194,"column":15},"end":{"line":194,"column":32}}},"17":{"name":"(anonymous_17)","line":203,"loc":{"start":{"line":203,"column":45},"end":{"line":203,"column":69}}},"18":{"name":"(anonymous_18)","line":227,"loc":{"start":{"line":227,"column":23},"end":{"line":227,"column":65}}},"19":{"name":"(anonymous_19)","line":237,"loc":{"start":{"line":237,"column":21},"end":{"line":237,"column":32}}},"20":{"name":"(anonymous_20)","line":239,"loc":{"start":{"line":239,"column":25},"end":{"line":239,"column":40}}},"21":{"name":"(anonymous_21)","line":248,"loc":{"start":{"line":248,"column":35},"end":{"line":248,"column":50}}},"22":{"name":"(anonymous_22)","line":257,"loc":{"start":{"line":257,"column":26},"end":{"line":257,"column":57}}},"23":{"name":"(anonymous_23)","line":268,"loc":{"start":{"line":268,"column":41},"end":{"line":268,"column":65}}},"24":{"name":"(anonymous_24)","line":278,"loc":{"start":{"line":278,"column":32},"end":{"line":278,"column":63}}},"25":{"name":"(anonymous_25)","line":289,"loc":{"start":{"line":289,"column":27},"end":{"line":289,"column":51}}},"26":{"name":"(anonymous_26)","line":299,"loc":{"start":{"line":299,"column":24},"end":{"line":299,"column":39}}},"27":{"name":"(anonymous_27)","line":302,"loc":{"start":{"line":302,"column":27},"end":{"line":302,"column":45}}},"28":{"name":"(anonymous_28)","line":305,"loc":{"start":{"line":305,"column":31},"end":{"line":305,"column":56}}},"29":{"name":"(anonymous_29)","line":316,"loc":{"start":{"line":316,"column":27},"end":{"line":316,"column":48}}},"30":{"name":"(anonymous_30)","line":319,"loc":{"start":{"line":319,"column":36},"end":{"line":319,"column":53}}},"31":{"name":"(anonymous_31)","line":332,"loc":{"start":{"line":332,"column":21},"end":{"line":332,"column":37}}},"32":{"name":"(anonymous_32)","line":338,"loc":{"start":{"line":338,"column":27},"end":{"line":338,"column":46}}},"33":{"name":"(anonymous_33)","line":344,"loc":{"start":{"line":344,"column":31},"end":{"line":344,"column":58}}},"34":{"name":"(anonymous_34)","line":356,"loc":{"start":{"line":356,"column":33},"end":{"line":356,"column":47}}},"35":{"name":"(anonymous_35)","line":368,"loc":{"start":{"line":368,"column":26},"end":{"line":368,"column":45}}},"36":{"name":"(anonymous_36)","line":375,"loc":{"start":{"line":375,"column":18},"end":{"line":375,"column":32}}},"37":{"name":"(anonymous_37)","line":382,"loc":{"start":{"line":382,"column":15},"end":{"line":382,"column":29}}},"38":{"name":"(anonymous_38)","line":394,"loc":{"start":{"line":394,"column":20},"end":{"line":394,"column":31}}},"39":{"name":"(anonymous_39)","line":397,"loc":{"start":{"line":397,"column":31},"end":{"line":397,"column":48}}},"40":{"name":"(anonymous_40)","line":413,"loc":{"start":{"line":413,"column":15},"end":{"line":413,"column":29}}},"41":{"name":"(anonymous_41)","line":416,"loc":{"start":{"line":416,"column":20},"end":{"line":416,"column":31}}},"42":{"name":"(anonymous_42)","line":423,"loc":{"start":{"line":423,"column":48},"end":{"line":423,"column":78}}},"43":{"name":"(anonymous_43)","line":425,"loc":{"start":{"line":425,"column":13},"end":{"line":425,"column":27}}},"44":{"name":"(anonymous_44)","line":434,"loc":{"start":{"line":434,"column":23},"end":{"line":434,"column":41}}}},"statementMap":{"1":{"start":{"line":2,"column":0},"end":{"line":446,"column":3}},"2":{"start":{"line":3,"column":2},"end":{"line":18,"column":3}},"3":{"start":{"line":4,"column":4},"end":{"line":4,"column":61}},"4":{"start":{"line":5,"column":9},"end":{"line":18,"column":3}},"5":{"start":{"line":6,"column":4},"end":{"line":6,"column":127}},"6":{"start":{"line":8,"column":4},"end":{"line":10,"column":5}},"7":{"start":{"line":9,"column":6},"end":{"line":9,"column":59}},"8":{"start":{"line":11,"column":4},"end":{"line":13,"column":5}},"9":{"start":{"line":12,"column":6},"end":{"line":12,"column":53}},"10":{"start":{"line":14,"column":4},"end":{"line":16,"column":5}},"11":{"start":{"line":15,"column":6},"end":{"line":15,"column":58}},"12":{"start":{"line":17,"column":4},"end":{"line":17,"column":68}},"13":{"start":{"line":20,"column":2},"end":{"line":20,"column":13}},"14":{"start":{"line":21,"column":2},"end":{"line":44,"column":4}},"15":{"start":{"line":22,"column":4},"end":{"line":22,"column":79}},"16":{"start":{"line":23,"column":4},"end":{"line":23,"column":33}},"17":{"start":{"line":24,"column":4},"end":{"line":30,"column":5}},"18":{"start":{"line":25,"column":6},"end":{"line":25,"column":45}},"19":{"start":{"line":26,"column":6},"end":{"line":26,"column":33}},"20":{"start":{"line":28,"column":6},"end":{"line":28,"column":23}},"21":{"start":{"line":29,"column":6},"end":{"line":29,"column":33}},"22":{"start":{"line":31,"column":4},"end":{"line":31,"column":20}},"23":{"start":{"line":32,"column":4},"end":{"line":36,"column":5}},"24":{"start":{"line":33,"column":6},"end":{"line":33,"column":57}},"25":{"start":{"line":34,"column":6},"end":{"line":34,"column":48}},"26":{"start":{"line":35,"column":6},"end":{"line":35,"column":119}},"27":{"start":{"line":37,"column":4},"end":{"line":41,"column":5}},"28":{"start":{"line":38,"column":6},"end":{"line":38,"column":55}},"29":{"start":{"line":39,"column":6},"end":{"line":39,"column":48}},"30":{"start":{"line":40,"column":6},"end":{"line":40,"column":91}},"31":{"start":{"line":42,"column":4},"end":{"line":42,"column":53}},"32":{"start":{"line":43,"column":4},"end":{"line":43,"column":87}},"33":{"start":{"line":45,"column":2},"end":{"line":45,"column":142}},"34":{"start":{"line":46,"column":2},"end":{"line":50,"column":4}},"35":{"start":{"line":47,"column":4},"end":{"line":47,"column":27}},"36":{"start":{"line":48,"column":4},"end":{"line":48,"column":35}},"37":{"start":{"line":49,"column":4},"end":{"line":49,"column":16}},"38":{"start":{"line":51,"column":2},"end":{"line":61,"column":4}},"39":{"start":{"line":52,"column":4},"end":{"line":52,"column":33}},"40":{"start":{"line":53,"column":4},"end":{"line":53,"column":34}},"41":{"start":{"line":54,"column":4},"end":{"line":59,"column":8}},"42":{"start":{"line":55,"column":6},"end":{"line":55,"column":17}},"43":{"start":{"line":56,"column":6},"end":{"line":56,"column":83}},"44":{"start":{"line":57,"column":6},"end":{"line":57,"column":70}},"45":{"start":{"line":58,"column":6},"end":{"line":58,"column":28}},"46":{"start":{"line":60,"column":4},"end":{"line":60,"column":70}},"47":{"start":{"line":62,"column":2},"end":{"line":136,"column":4}},"48":{"start":{"line":63,"column":4},"end":{"line":63,"column":248}},"49":{"start":{"line":64,"column":4},"end":{"line":64,"column":18}},"50":{"start":{"line":65,"column":4},"end":{"line":65,"column":66}},"51":{"start":{"line":66,"column":4},"end":{"line":82,"column":5}},"52":{"start":{"line":67,"column":6},"end":{"line":67,"column":53}},"53":{"start":{"line":68,"column":6},"end":{"line":80,"column":52}},"54":{"start":{"line":81,"column":6},"end":{"line":81,"column":70}},"55":{"start":{"line":83,"column":4},"end":{"line":83,"column":26}},"56":{"start":{"line":84,"column":4},"end":{"line":86,"column":5}},"57":{"start":{"line":85,"column":6},"end":{"line":85,"column":107}},"58":{"start":{"line":87,"column":4},"end":{"line":89,"column":5}},"59":{"start":{"line":88,"column":6},"end":{"line":88,"column":118}},"60":{"start":{"line":90,"column":4},"end":{"line":96,"column":5}},"61":{"start":{"line":91,"column":6},"end":{"line":95,"column":9}},"62":{"start":{"line":97,"column":4},"end":{"line":97,"column":63}},"63":{"start":{"line":98,"column":4},"end":{"line":98,"column":29}},"64":{"start":{"line":99,"column":4},"end":{"line":99,"column":49}},"65":{"start":{"line":100,"column":4},"end":{"line":100,"column":25}},"66":{"start":{"line":101,"column":4},"end":{"line":109,"column":5}},"67":{"start":{"line":102,"column":6},"end":{"line":102,"column":58}},"68":{"start":{"line":103,"column":6},"end":{"line":103,"column":29}},"69":{"start":{"line":104,"column":6},"end":{"line":104,"column":37}},"70":{"start":{"line":105,"column":6},"end":{"line":107,"column":7}},"71":{"start":{"line":106,"column":8},"end":{"line":106,"column":122}},"72":{"start":{"line":108,"column":6},"end":{"line":108,"column":36}},"73":{"start":{"line":110,"column":4},"end":{"line":117,"column":5}},"74":{"start":{"line":111,"column":6},"end":{"line":111,"column":95}},"75":{"start":{"line":112,"column":6},"end":{"line":112,"column":43}},"76":{"start":{"line":113,"column":6},"end":{"line":113,"column":43}},"77":{"start":{"line":115,"column":6},"end":{"line":115,"column":48}},"78":{"start":{"line":116,"column":6},"end":{"line":116,"column":36}},"79":{"start":{"line":118,"column":4},"end":{"line":120,"column":7}},"80":{"start":{"line":119,"column":6},"end":{"line":119,"column":65}},"81":{"start":{"line":121,"column":4},"end":{"line":123,"column":5}},"82":{"start":{"line":122,"column":6},"end":{"line":122,"column":65}},"83":{"start":{"line":124,"column":4},"end":{"line":134,"column":7}},"84":{"start":{"line":125,"column":6},"end":{"line":127,"column":7}},"85":{"start":{"line":126,"column":8},"end":{"line":126,"column":48}},"86":{"start":{"line":128,"column":6},"end":{"line":128,"column":19}},"87":{"start":{"line":130,"column":6},"end":{"line":132,"column":7}},"88":{"start":{"line":131,"column":8},"end":{"line":131,"column":47}},"89":{"start":{"line":133,"column":6},"end":{"line":133,"column":35}},"90":{"start":{"line":135,"column":4},"end":{"line":135,"column":76}},"91":{"start":{"line":137,"column":2},"end":{"line":149,"column":4}},"92":{"start":{"line":138,"column":4},"end":{"line":138,"column":14}},"93":{"start":{"line":139,"column":4},"end":{"line":148,"column":5}},"94":{"start":{"line":140,"column":6},"end":{"line":140,"column":35}},"95":{"start":{"line":142,"column":6},"end":{"line":142,"column":21}},"96":{"start":{"line":143,"column":6},"end":{"line":147,"column":7}},"97":{"start":{"line":144,"column":8},"end":{"line":144,"column":21}},"98":{"start":{"line":146,"column":8},"end":{"line":146,"column":43}},"99":{"start":{"line":150,"column":2},"end":{"line":191,"column":4}},"100":{"start":{"line":151,"column":4},"end":{"line":151,"column":15}},"101":{"start":{"line":152,"column":4},"end":{"line":152,"column":52}},"102":{"start":{"line":153,"column":4},"end":{"line":155,"column":5}},"103":{"start":{"line":154,"column":6},"end":{"line":154,"column":93}},"104":{"start":{"line":156,"column":4},"end":{"line":158,"column":5}},"105":{"start":{"line":157,"column":6},"end":{"line":157,"column":86}},"106":{"start":{"line":159,"column":4},"end":{"line":181,"column":5}},"107":{"start":{"line":160,"column":6},"end":{"line":167,"column":7}},"108":{"start":{"line":161,"column":8},"end":{"line":166,"column":11}},"109":{"start":{"line":168,"column":6},"end":{"line":180,"column":9}},"110":{"start":{"line":169,"column":8},"end":{"line":176,"column":9}},"111":{"start":{"line":170,"column":10},"end":{"line":175,"column":13}},"112":{"start":{"line":177,"column":8},"end":{"line":177,"column":21}},"113":{"start":{"line":179,"column":8},"end":{"line":179,"column":97}},"114":{"start":{"line":182,"column":4},"end":{"line":189,"column":5}},"115":{"start":{"line":183,"column":6},"end":{"line":188,"column":9}},"116":{"start":{"line":190,"column":4},"end":{"line":190,"column":35}},"117":{"start":{"line":192,"column":2},"end":{"line":226,"column":4}},"118":{"start":{"line":193,"column":4},"end":{"line":193,"column":47}},"119":{"start":{"line":194,"column":4},"end":{"line":210,"column":6}},"120":{"start":{"line":195,"column":6},"end":{"line":195,"column":48}},"121":{"start":{"line":196,"column":6},"end":{"line":196,"column":29}},"122":{"start":{"line":197,"column":6},"end":{"line":197,"column":36}},"123":{"start":{"line":198,"column":6},"end":{"line":200,"column":7}},"124":{"start":{"line":199,"column":8},"end":{"line":199,"column":70}},"125":{"start":{"line":201,"column":6},"end":{"line":209,"column":7}},"126":{"start":{"line":202,"column":8},"end":{"line":202,"column":51}},"127":{"start":{"line":203,"column":8},"end":{"line":205,"column":11}},"128":{"start":{"line":204,"column":10},"end":{"line":204,"column":51}},"129":{"start":{"line":206,"column":8},"end":{"line":206,"column":68}},"130":{"start":{"line":207,"column":13},"end":{"line":209,"column":7}},"131":{"start":{"line":208,"column":8},"end":{"line":208,"column":77}},"132":{"start":{"line":211,"column":4},"end":{"line":225,"column":5}},"133":{"start":{"line":212,"column":6},"end":{"line":212,"column":54}},"134":{"start":{"line":213,"column":11},"end":{"line":225,"column":5}},"135":{"start":{"line":214,"column":6},"end":{"line":214,"column":40}},"136":{"start":{"line":215,"column":6},"end":{"line":215,"column":27}},"137":{"start":{"line":216,"column":6},"end":{"line":216,"column":13}},"138":{"start":{"line":217,"column":6},"end":{"line":217,"column":18}},"139":{"start":{"line":218,"column":6},"end":{"line":223,"column":7}},"140":{"start":{"line":219,"column":8},"end":{"line":219,"column":22}},"141":{"start":{"line":220,"column":8},"end":{"line":222,"column":9}},"142":{"start":{"line":221,"column":10},"end":{"line":221,"column":58}},"143":{"start":{"line":224,"column":6},"end":{"line":224,"column":35}},"144":{"start":{"line":227,"column":2},"end":{"line":236,"column":4}},"145":{"start":{"line":228,"column":4},"end":{"line":228,"column":43}},"146":{"start":{"line":229,"column":4},"end":{"line":235,"column":5}},"147":{"start":{"line":230,"column":6},"end":{"line":230,"column":73}},"148":{"start":{"line":232,"column":6},"end":{"line":232,"column":55}},"149":{"start":{"line":233,"column":6},"end":{"line":233,"column":73}},"150":{"start":{"line":234,"column":6},"end":{"line":234,"column":78}},"151":{"start":{"line":237,"column":2},"end":{"line":237,"column":35}},"152":{"start":{"line":238,"column":2},"end":{"line":238,"column":43}},"153":{"start":{"line":239,"column":2},"end":{"line":246,"column":4}},"154":{"start":{"line":240,"column":4},"end":{"line":240,"column":32}},"155":{"start":{"line":241,"column":4},"end":{"line":241,"column":121}},"156":{"start":{"line":242,"column":4},"end":{"line":244,"column":5}},"157":{"start":{"line":243,"column":6},"end":{"line":243,"column":54}},"158":{"start":{"line":245,"column":4},"end":{"line":245,"column":21}},"159":{"start":{"line":247,"column":2},"end":{"line":247,"column":58}},"160":{"start":{"line":248,"column":2},"end":{"line":255,"column":4}},"161":{"start":{"line":249,"column":4},"end":{"line":249,"column":42}},"162":{"start":{"line":250,"column":4},"end":{"line":250,"column":79}},"163":{"start":{"line":251,"column":4},"end":{"line":253,"column":5}},"164":{"start":{"line":252,"column":6},"end":{"line":252,"column":54}},"165":{"start":{"line":254,"column":4},"end":{"line":254,"column":21}},"166":{"start":{"line":256,"column":2},"end":{"line":256,"column":68}},"167":{"start":{"line":257,"column":2},"end":{"line":266,"column":4}},"168":{"start":{"line":258,"column":4},"end":{"line":258,"column":33}},"169":{"start":{"line":259,"column":4},"end":{"line":259,"column":105}},"170":{"start":{"line":260,"column":4},"end":{"line":262,"column":5}},"171":{"start":{"line":261,"column":6},"end":{"line":261,"column":54}},"172":{"start":{"line":263,"column":4},"end":{"line":263,"column":21}},"173":{"start":{"line":264,"column":4},"end":{"line":264,"column":27}},"174":{"start":{"line":265,"column":4},"end":{"line":265,"column":23}},"175":{"start":{"line":267,"column":2},"end":{"line":267,"column":59}},"176":{"start":{"line":268,"column":2},"end":{"line":276,"column":4}},"177":{"start":{"line":269,"column":4},"end":{"line":269,"column":48}},"178":{"start":{"line":270,"column":4},"end":{"line":270,"column":70}},"179":{"start":{"line":271,"column":4},"end":{"line":273,"column":5}},"180":{"start":{"line":272,"column":6},"end":{"line":272,"column":54}},"181":{"start":{"line":274,"column":4},"end":{"line":274,"column":21}},"182":{"start":{"line":275,"column":4},"end":{"line":275,"column":27}},"183":{"start":{"line":277,"column":2},"end":{"line":277,"column":74}},"184":{"start":{"line":278,"column":2},"end":{"line":287,"column":4}},"185":{"start":{"line":279,"column":4},"end":{"line":279,"column":39}},"186":{"start":{"line":280,"column":4},"end":{"line":280,"column":131}},"187":{"start":{"line":281,"column":4},"end":{"line":283,"column":5}},"188":{"start":{"line":282,"column":6},"end":{"line":282,"column":54}},"189":{"start":{"line":284,"column":4},"end":{"line":284,"column":21}},"190":{"start":{"line":285,"column":4},"end":{"line":285,"column":27}},"191":{"start":{"line":286,"column":4},"end":{"line":286,"column":23}},"192":{"start":{"line":288,"column":2},"end":{"line":288,"column":65}},"193":{"start":{"line":289,"column":2},"end":{"line":297,"column":4}},"194":{"start":{"line":290,"column":4},"end":{"line":290,"column":34}},"195":{"start":{"line":291,"column":4},"end":{"line":291,"column":149}},"196":{"start":{"line":292,"column":4},"end":{"line":294,"column":5}},"197":{"start":{"line":293,"column":6},"end":{"line":293,"column":54}},"198":{"start":{"line":295,"column":4},"end":{"line":295,"column":21}},"199":{"start":{"line":296,"column":4},"end":{"line":296,"column":27}},"200":{"start":{"line":298,"column":2},"end":{"line":298,"column":60}},"201":{"start":{"line":299,"column":2},"end":{"line":301,"column":4}},"202":{"start":{"line":300,"column":4},"end":{"line":300,"column":29}},"203":{"start":{"line":302,"column":2},"end":{"line":304,"column":4}},"204":{"start":{"line":303,"column":4},"end":{"line":303,"column":54}},"205":{"start":{"line":305,"column":2},"end":{"line":331,"column":4}},"206":{"start":{"line":306,"column":4},"end":{"line":306,"column":28}},"207":{"start":{"line":307,"column":4},"end":{"line":309,"column":5}},"208":{"start":{"line":308,"column":6},"end":{"line":308,"column":30}},"209":{"start":{"line":310,"column":4},"end":{"line":310,"column":26}},"210":{"start":{"line":311,"column":4},"end":{"line":329,"column":5}},"211":{"start":{"line":312,"column":6},"end":{"line":324,"column":7}},"212":{"start":{"line":313,"column":8},"end":{"line":313,"column":54}},"213":{"start":{"line":315,"column":8},"end":{"line":315,"column":21}},"214":{"start":{"line":316,"column":8},"end":{"line":322,"column":11}},"215":{"start":{"line":317,"column":10},"end":{"line":317,"column":22}},"216":{"start":{"line":318,"column":10},"end":{"line":318,"column":66}},"217":{"start":{"line":319,"column":10},"end":{"line":321,"column":13}},"218":{"start":{"line":320,"column":12},"end":{"line":320,"column":42}},"219":{"start":{"line":323,"column":8},"end":{"line":323,"column":36}},"220":{"start":{"line":325,"column":6},"end":{"line":327,"column":7}},"221":{"start":{"line":326,"column":8},"end":{"line":326,"column":32}},"222":{"start":{"line":328,"column":6},"end":{"line":328,"column":18}},"223":{"start":{"line":330,"column":4},"end":{"line":330,"column":14}},"224":{"start":{"line":332,"column":2},"end":{"line":336,"column":4}},"225":{"start":{"line":333,"column":4},"end":{"line":333,"column":13}},"226":{"start":{"line":334,"column":4},"end":{"line":334,"column":24}},"227":{"start":{"line":335,"column":4},"end":{"line":335,"column":80}},"228":{"start":{"line":337,"column":2},"end":{"line":374,"column":3}},"229":{"start":{"line":338,"column":4},"end":{"line":343,"column":6}},"230":{"start":{"line":339,"column":6},"end":{"line":341,"column":7}},"231":{"start":{"line":340,"column":8},"end":{"line":340,"column":53}},"232":{"start":{"line":342,"column":6},"end":{"line":342,"column":52}},"233":{"start":{"line":344,"column":4},"end":{"line":373,"column":6}},"234":{"start":{"line":345,"column":6},"end":{"line":345,"column":46}},"235":{"start":{"line":346,"column":6},"end":{"line":346,"column":41}},"236":{"start":{"line":347,"column":6},"end":{"line":371,"column":7}},"237":{"start":{"line":348,"column":8},"end":{"line":348,"column":49}},"238":{"start":{"line":349,"column":8},"end":{"line":351,"column":9}},"239":{"start":{"line":350,"column":10},"end":{"line":350,"column":17}},"240":{"start":{"line":352,"column":8},"end":{"line":354,"column":9}},"241":{"start":{"line":353,"column":10},"end":{"line":353,"column":44}},"242":{"start":{"line":355,"column":8},"end":{"line":355,"column":36}},"243":{"start":{"line":356,"column":8},"end":{"line":365,"column":11}},"244":{"start":{"line":357,"column":10},"end":{"line":359,"column":11}},"245":{"start":{"line":358,"column":12},"end":{"line":358,"column":84}},"246":{"start":{"line":360,"column":10},"end":{"line":362,"column":11}},"247":{"start":{"line":361,"column":12},"end":{"line":361,"column":119}},"248":{"start":{"line":363,"column":10},"end":{"line":363,"column":37}},"249":{"start":{"line":364,"column":10},"end":{"line":364,"column":47}},"250":{"start":{"line":366,"column":13},"end":{"line":371,"column":7}},"251":{"start":{"line":367,"column":8},"end":{"line":367,"column":51}},"252":{"start":{"line":368,"column":8},"end":{"line":370,"column":11}},"253":{"start":{"line":369,"column":10},"end":{"line":369,"column":87}},"254":{"start":{"line":372,"column":6},"end":{"line":372,"column":20}},"255":{"start":{"line":375,"column":2},"end":{"line":422,"column":4}},"256":{"start":{"line":376,"column":4},"end":{"line":376,"column":31}},"257":{"start":{"line":377,"column":4},"end":{"line":379,"column":5}},"258":{"start":{"line":378,"column":6},"end":{"line":378,"column":17}},"259":{"start":{"line":380,"column":4},"end":{"line":405,"column":5}},"260":{"start":{"line":381,"column":6},"end":{"line":381,"column":49}},"261":{"start":{"line":382,"column":6},"end":{"line":393,"column":8}},"262":{"start":{"line":383,"column":8},"end":{"line":383,"column":34}},"263":{"start":{"line":384,"column":8},"end":{"line":384,"column":19}},"264":{"start":{"line":385,"column":8},"end":{"line":385,"column":28}},"265":{"start":{"line":386,"column":8},"end":{"line":391,"column":9}},"266":{"start":{"line":387,"column":10},"end":{"line":387,"column":46}},"267":{"start":{"line":388,"column":10},"end":{"line":390,"column":11}},"268":{"start":{"line":389,"column":12},"end":{"line":389,"column":26}},"269":{"start":{"line":392,"column":8},"end":{"line":392,"column":20}},"270":{"start":{"line":394,"column":6},"end":{"line":403,"column":8}},"271":{"start":{"line":395,"column":8},"end":{"line":395,"column":17}},"272":{"start":{"line":396,"column":8},"end":{"line":396,"column":18}},"273":{"start":{"line":397,"column":8},"end":{"line":401,"column":11}},"274":{"start":{"line":398,"column":10},"end":{"line":400,"column":11}},"275":{"start":{"line":399,"column":12},"end":{"line":399,"column":53}},"276":{"start":{"line":402,"column":8},"end":{"line":402,"column":20}},"277":{"start":{"line":404,"column":6},"end":{"line":404,"column":20}},"278":{"start":{"line":406,"column":4},"end":{"line":411,"column":5}},"279":{"start":{"line":407,"column":6},"end":{"line":409,"column":7}},"280":{"start":{"line":408,"column":8},"end":{"line":408,"column":117}},"281":{"start":{"line":410,"column":6},"end":{"line":410,"column":54}},"282":{"start":{"line":412,"column":4},"end":{"line":420,"column":5}},"283":{"start":{"line":413,"column":6},"end":{"line":415,"column":8}},"284":{"start":{"line":414,"column":8},"end":{"line":414,"column":24}},"285":{"start":{"line":416,"column":6},"end":{"line":418,"column":8}},"286":{"start":{"line":417,"column":8},"end":{"line":417,"column":32}},"287":{"start":{"line":419,"column":6},"end":{"line":419,"column":20}},"288":{"start":{"line":421,"column":4},"end":{"line":421,"column":85}},"289":{"start":{"line":423,"column":2},"end":{"line":444,"column":4}},"290":{"start":{"line":424,"column":4},"end":{"line":424,"column":15}},"291":{"start":{"line":425,"column":4},"end":{"line":439,"column":6}},"292":{"start":{"line":426,"column":6},"end":{"line":426,"column":33}},"293":{"start":{"line":427,"column":6},"end":{"line":427,"column":32}},"294":{"start":{"line":428,"column":6},"end":{"line":430,"column":7}},"295":{"start":{"line":429,"column":8},"end":{"line":429,"column":22}},"296":{"start":{"line":431,"column":6},"end":{"line":433,"column":7}},"297":{"start":{"line":432,"column":8},"end":{"line":432,"column":20}},"298":{"start":{"line":434,"column":6},"end":{"line":436,"column":8}},"299":{"start":{"line":435,"column":8},"end":{"line":435,"column":23}},"300":{"start":{"line":437,"column":6},"end":{"line":437,"column":47}},"301":{"start":{"line":438,"column":6},"end":{"line":438,"column":28}},"302":{"start":{"line":440,"column":4},"end":{"line":442,"column":5}},"303":{"start":{"line":441,"column":6},"end":{"line":441,"column":37}},"304":{"start":{"line":443,"column":4},"end":{"line":443,"column":18}},"305":{"start":{"line":445,"column":2},"end":{"line":445,"column":16}}},"branchMap":{"1":{"line":3,"type":"if","locations":[{"start":{"line":3,"column":2},"end":{"line":3,"column":2}},{"start":{"line":3,"column":2},"end":{"line":3,"column":2}}]},"2":{"line":3,"type":"binary-expr","locations":[{"start":{"line":3,"column":7},"end":{"line":3,"column":35}},{"start":{"line":3,"column":41},"end":{"line":3,"column":59}}]},"3":{"line":5,"type":"if","locations":[{"start":{"line":5,"column":9},"end":{"line":5,"column":9}},{"start":{"line":5,"column":9},"end":{"line":5,"column":9}}]},"4":{"line":5,"type":"binary-expr","locations":[{"start":{"line":5,"column":13},"end":{"line":5,"column":43}},{"start":{"line":5,"column":47},"end":{"line":5,"column":63}}]},"5":{"line":8,"type":"if","locations":[{"start":{"line":8,"column":4},"end":{"line":8,"column":4}},{"start":{"line":8,"column":4},"end":{"line":8,"column":4}}]},"6":{"line":11,"type":"if","locations":[{"start":{"line":11,"column":4},"end":{"line":11,"column":4}},{"start":{"line":11,"column":4},"end":{"line":11,"column":4}}]},"7":{"line":14,"type":"if","locations":[{"start":{"line":14,"column":4},"end":{"line":14,"column":4}},{"start":{"line":14,"column":4},"end":{"line":14,"column":4}}]},"8":{"line":24,"type":"if","locations":[{"start":{"line":24,"column":4},"end":{"line":24,"column":4}},{"start":{"line":24,"column":4},"end":{"line":24,"column":4}}]},"9":{"line":32,"type":"if","locations":[{"start":{"line":32,"column":4},"end":{"line":32,"column":4}},{"start":{"line":32,"column":4},"end":{"line":32,"column":4}}]},"10":{"line":37,"type":"if","locations":[{"start":{"line":37,"column":4},"end":{"line":37,"column":4}},{"start":{"line":37,"column":4},"end":{"line":37,"column":4}}]},"11":{"line":45,"type":"binary-expr","locations":[{"start":{"line":45,"column":21},"end":{"line":45,"column":76}},{"start":{"line":45,"column":82},"end":{"line":45,"column":140}}]},"12":{"line":45,"type":"cond-expr","locations":[{"start":{"line":45,"column":41},"end":{"line":45,"column":58}},{"start":{"line":45,"column":61},"end":{"line":45,"column":67}}]},"13":{"line":45,"type":"cond-expr","locations":[{"start":{"line":45,"column":102},"end":{"line":45,"column":122}},{"start":{"line":45,"column":125},"end":{"line":45,"column":131}}]},"14":{"line":66,"type":"if","locations":[{"start":{"line":66,"column":4},"end":{"line":66,"column":4}},{"start":{"line":66,"column":4},"end":{"line":66,"column":4}}]},"15":{"line":68,"type":"cond-expr","locations":[{"start":{"line":68,"column":53},"end":{"line":74,"column":33}},{"start":{"line":74,"column":38},"end":{"line":80,"column":50}}]},"16":{"line":68,"type":"cond-expr","locations":[{"start":{"line":68,"column":90},"end":{"line":74,"column":8}},{"start":{"line":74,"column":11},"end":{"line":74,"column":17}}]},"17":{"line":74,"type":"cond-expr","locations":[{"start":{"line":74,"column":75},"end":{"line":80,"column":8}},{"start":{"line":80,"column":11},"end":{"line":80,"column":17}}]},"18":{"line":84,"type":"if","locations":[{"start":{"line":84,"column":4},"end":{"line":84,"column":4}},{"start":{"line":84,"column":4},"end":{"line":84,"column":4}}]},"19":{"line":87,"type":"if","locations":[{"start":{"line":87,"column":4},"end":{"line":87,"column":4}},{"start":{"line":87,"column":4},"end":{"line":87,"column":4}}]},"20":{"line":90,"type":"if","locations":[{"start":{"line":90,"column":4},"end":{"line":90,"column":4}},{"start":{"line":90,"column":4},"end":{"line":90,"column":4}}]},"21":{"line":105,"type":"if","locations":[{"start":{"line":105,"column":6},"end":{"line":105,"column":6}},{"start":{"line":105,"column":6},"end":{"line":105,"column":6}}]},"22":{"line":110,"type":"if","locations":[{"start":{"line":110,"column":4},"end":{"line":110,"column":4}},{"start":{"line":110,"column":4},"end":{"line":110,"column":4}}]},"23":{"line":121,"type":"if","locations":[{"start":{"line":121,"column":4},"end":{"line":121,"column":4}},{"start":{"line":121,"column":4},"end":{"line":121,"column":4}}]},"24":{"line":125,"type":"if","locations":[{"start":{"line":125,"column":6},"end":{"line":125,"column":6}},{"start":{"line":125,"column":6},"end":{"line":125,"column":6}}]},"25":{"line":130,"type":"if","locations":[{"start":{"line":130,"column":6},"end":{"line":130,"column":6}},{"start":{"line":130,"column":6},"end":{"line":130,"column":6}}]},"26":{"line":143,"type":"if","locations":[{"start":{"line":143,"column":6},"end":{"line":143,"column":6}},{"start":{"line":143,"column":6},"end":{"line":143,"column":6}}]},"27":{"line":153,"type":"if","locations":[{"start":{"line":153,"column":4},"end":{"line":153,"column":4}},{"start":{"line":153,"column":4},"end":{"line":153,"column":4}}]},"28":{"line":156,"type":"if","locations":[{"start":{"line":156,"column":4},"end":{"line":156,"column":4}},{"start":{"line":156,"column":4},"end":{"line":156,"column":4}}]},"29":{"line":159,"type":"if","locations":[{"start":{"line":159,"column":4},"end":{"line":159,"column":4}},{"start":{"line":159,"column":4},"end":{"line":159,"column":4}}]},"30":{"line":160,"type":"if","locations":[{"start":{"line":160,"column":6},"end":{"line":160,"column":6}},{"start":{"line":160,"column":6},"end":{"line":160,"column":6}}]},"31":{"line":169,"type":"if","locations":[{"start":{"line":169,"column":8},"end":{"line":169,"column":8}},{"start":{"line":169,"column":8},"end":{"line":169,"column":8}}]},"32":{"line":182,"type":"if","locations":[{"start":{"line":182,"column":4},"end":{"line":182,"column":4}},{"start":{"line":182,"column":4},"end":{"line":182,"column":4}}]},"33":{"line":198,"type":"if","locations":[{"start":{"line":198,"column":6},"end":{"line":198,"column":6}},{"start":{"line":198,"column":6},"end":{"line":198,"column":6}}]},"34":{"line":201,"type":"if","locations":[{"start":{"line":201,"column":6},"end":{"line":201,"column":6}},{"start":{"line":201,"column":6},"end":{"line":201,"column":6}}]},"35":{"line":207,"type":"if","locations":[{"start":{"line":207,"column":13},"end":{"line":207,"column":13}},{"start":{"line":207,"column":13},"end":{"line":207,"column":13}}]},"36":{"line":211,"type":"if","locations":[{"start":{"line":211,"column":4},"end":{"line":211,"column":4}},{"start":{"line":211,"column":4},"end":{"line":211,"column":4}}]},"37":{"line":213,"type":"if","locations":[{"start":{"line":213,"column":11},"end":{"line":213,"column":11}},{"start":{"line":213,"column":11},"end":{"line":213,"column":11}}]},"38":{"line":220,"type":"if","locations":[{"start":{"line":220,"column":8},"end":{"line":220,"column":8}},{"start":{"line":220,"column":8},"end":{"line":220,"column":8}}]},"39":{"line":229,"type":"if","locations":[{"start":{"line":229,"column":4},"end":{"line":229,"column":4}},{"start":{"line":229,"column":4},"end":{"line":229,"column":4}}]},"40":{"line":242,"type":"if","locations":[{"start":{"line":242,"column":4},"end":{"line":242,"column":4}},{"start":{"line":242,"column":4},"end":{"line":242,"column":4}}]},"41":{"line":251,"type":"if","locations":[{"start":{"line":251,"column":4},"end":{"line":251,"column":4}},{"start":{"line":251,"column":4},"end":{"line":251,"column":4}}]},"42":{"line":260,"type":"if","locations":[{"start":{"line":260,"column":4},"end":{"line":260,"column":4}},{"start":{"line":260,"column":4},"end":{"line":260,"column":4}}]},"43":{"line":271,"type":"if","locations":[{"start":{"line":271,"column":4},"end":{"line":271,"column":4}},{"start":{"line":271,"column":4},"end":{"line":271,"column":4}}]},"44":{"line":281,"type":"if","locations":[{"start":{"line":281,"column":4},"end":{"line":281,"column":4}},{"start":{"line":281,"column":4},"end":{"line":281,"column":4}}]},"45":{"line":292,"type":"if","locations":[{"start":{"line":292,"column":4},"end":{"line":292,"column":4}},{"start":{"line":292,"column":4},"end":{"line":292,"column":4}}]},"46":{"line":307,"type":"if","locations":[{"start":{"line":307,"column":4},"end":{"line":307,"column":4}},{"start":{"line":307,"column":4},"end":{"line":307,"column":4}}]},"47":{"line":311,"type":"if","locations":[{"start":{"line":311,"column":4},"end":{"line":311,"column":4}},{"start":{"line":311,"column":4},"end":{"line":311,"column":4}}]},"48":{"line":311,"type":"binary-expr","locations":[{"start":{"line":311,"column":9},"end":{"line":311,"column":26}},{"start":{"line":311,"column":32},"end":{"line":311,"column":51}}]},"49":{"line":312,"type":"if","locations":[{"start":{"line":312,"column":6},"end":{"line":312,"column":6}},{"start":{"line":312,"column":6},"end":{"line":312,"column":6}}]},"50":{"line":325,"type":"if","locations":[{"start":{"line":325,"column":6},"end":{"line":325,"column":6}},{"start":{"line":325,"column":6},"end":{"line":325,"column":6}}]},"51":{"line":335,"type":"binary-expr","locations":[{"start":{"line":335,"column":12},"end":{"line":335,"column":31}},{"start":{"line":335,"column":36},"end":{"line":335,"column":56}},{"start":{"line":335,"column":61},"end":{"line":335,"column":78}}]},"52":{"line":337,"type":"if","locations":[{"start":{"line":337,"column":2},"end":{"line":337,"column":2}},{"start":{"line":337,"column":2},"end":{"line":337,"column":2}}]},"53":{"line":339,"type":"if","locations":[{"start":{"line":339,"column":6},"end":{"line":339,"column":6}},{"start":{"line":339,"column":6},"end":{"line":339,"column":6}}]},"54":{"line":347,"type":"if","locations":[{"start":{"line":347,"column":6},"end":{"line":347,"column":6}},{"start":{"line":347,"column":6},"end":{"line":347,"column":6}}]},"55":{"line":349,"type":"if","locations":[{"start":{"line":349,"column":8},"end":{"line":349,"column":8}},{"start":{"line":349,"column":8},"end":{"line":349,"column":8}}]},"56":{"line":349,"type":"binary-expr","locations":[{"start":{"line":349,"column":12},"end":{"line":349,"column":31}},{"start":{"line":349,"column":35},"end":{"line":349,"column":58}}]},"57":{"line":352,"type":"if","locations":[{"start":{"line":352,"column":8},"end":{"line":352,"column":8}},{"start":{"line":352,"column":8},"end":{"line":352,"column":8}}]},"58":{"line":357,"type":"if","locations":[{"start":{"line":357,"column":10},"end":{"line":357,"column":10}},{"start":{"line":357,"column":10},"end":{"line":357,"column":10}}]},"59":{"line":360,"type":"if","locations":[{"start":{"line":360,"column":10},"end":{"line":360,"column":10}},{"start":{"line":360,"column":10},"end":{"line":360,"column":10}}]},"60":{"line":366,"type":"if","locations":[{"start":{"line":366,"column":13},"end":{"line":366,"column":13}},{"start":{"line":366,"column":13},"end":{"line":366,"column":13}}]},"61":{"line":377,"type":"if","locations":[{"start":{"line":377,"column":4},"end":{"line":377,"column":4}},{"start":{"line":377,"column":4},"end":{"line":377,"column":4}}]},"62":{"line":380,"type":"if","locations":[{"start":{"line":380,"column":4},"end":{"line":380,"column":4}},{"start":{"line":380,"column":4},"end":{"line":380,"column":4}}]},"63":{"line":388,"type":"if","locations":[{"start":{"line":388,"column":10},"end":{"line":388,"column":10}},{"start":{"line":388,"column":10},"end":{"line":388,"column":10}}]},"64":{"line":398,"type":"if","locations":[{"start":{"line":398,"column":10},"end":{"line":398,"column":10}},{"start":{"line":398,"column":10},"end":{"line":398,"column":10}}]},"65":{"line":406,"type":"if","locations":[{"start":{"line":406,"column":4},"end":{"line":406,"column":4}},{"start":{"line":406,"column":4},"end":{"line":406,"column":4}}]},"66":{"line":407,"type":"if","locations":[{"start":{"line":407,"column":6},"end":{"line":407,"column":6}},{"start":{"line":407,"column":6},"end":{"line":407,"column":6}}]},"67":{"line":412,"type":"if","locations":[{"start":{"line":412,"column":4},"end":{"line":412,"column":4}},{"start":{"line":412,"column":4},"end":{"line":412,"column":4}}]},"68":{"line":428,"type":"if","locations":[{"start":{"line":428,"column":6},"end":{"line":428,"column":6}},{"start":{"line":428,"column":6},"end":{"line":428,"column":6}}]},"69":{"line":431,"type":"if","locations":[{"start":{"line":431,"column":6},"end":{"line":431,"column":6}},{"start":{"line":431,"column":6},"end":{"line":431,"column":6}}]},"70":{"line":440,"type":"if","locations":[{"start":{"line":440,"column":4},"end":{"line":440,"column":4}},{"start":{"line":440,"column":4},"end":{"line":440,"column":4}}]}}}}