{"/Users/mk/workspace/hinoki/lib/hinoki.js":{"path":"/Users/mk/workspace/hinoki/lib/hinoki.js","s":{"1":1,"2":1,"3":0,"4":1,"5":1,"6":0,"7":1,"8":1,"9":50,"10":50,"11":50,"12":49,"13":49,"14":1,"15":1,"16":50,"17":50,"18":12,"19":12,"20":12,"21":38,"22":1,"23":1,"24":1,"25":37,"26":37,"27":1,"28":1,"29":233,"30":233,"31":233,"32":1,"33":72,"34":72,"35":72,"36":124,"37":124,"38":124,"39":124,"40":72,"41":1,"42":161,"43":161,"44":161,"45":161,"46":62,"47":62,"48":62,"49":99,"50":99,"51":2,"52":97,"53":1,"54":96,"55":8,"56":96,"57":96,"58":96,"59":96,"60":96,"61":98,"62":98,"63":98,"64":98,"65":2,"66":96,"67":94,"68":59,"69":59,"70":59,"71":35,"72":35,"73":94,"74":90,"75":94,"76":94,"77":94,"78":84,"79":84,"80":84,"81":10,"82":10,"83":10,"84":94,"85":1,"86":104,"87":104,"88":104,"89":3,"90":3,"91":2,"92":1,"93":1,"94":100,"95":100,"96":100,"97":2,"98":98,"99":1,"100":97,"101":23,"102":2,"103":23,"104":22,"105":2,"106":22,"107":1,"108":74,"109":6,"110":74,"111":1,"112":14,"113":14,"114":26,"115":26,"116":26,"117":26,"118":2,"119":24,"120":15,"121":15,"122":11,"123":15,"124":9,"125":9,"126":14,"127":5,"128":9,"129":9,"130":9,"131":9,"132":9,"133":9,"134":22,"135":22,"136":13,"137":9,"138":1,"139":90,"140":90,"141":85,"142":5,"143":5,"144":5,"145":1,"146":1,"147":1,"148":2,"149":2,"150":2,"151":2,"152":2,"153":1,"154":1,"155":2,"156":2,"157":2,"158":2,"159":2,"160":1,"161":1,"162":1,"163":1,"164":1,"165":1,"166":1,"167":1,"168":1,"169":1,"170":1,"171":2,"172":2,"173":2,"174":2,"175":2,"176":2,"177":1,"178":1,"179":1,"180":1,"181":1,"182":1,"183":1,"184":1,"185":1,"186":1,"187":1,"188":3,"189":3,"190":3,"191":3,"192":3,"193":3,"194":1,"195":1,"196":4,"197":1,"198":36,"199":1,"200":164,"201":164,"202":35,"203":129,"204":129,"205":127,"206":111,"207":16,"208":16,"209":32,"210":32,"211":32,"212":39,"213":16,"214":127,"215":108,"216":127,"217":2,"218":1,"219":134,"220":134,"221":134,"222":1,"223":1,"224":5,"225":0,"226":5,"227":1,"228":22,"229":22,"230":22,"231":13,"232":13,"233":2,"234":11,"235":6,"236":11,"237":11,"238":11,"239":0,"240":11,"241":0,"242":11,"243":11,"244":9,"245":9,"246":9,"247":17,"248":20,"249":1,"250":111,"251":111,"252":57,"253":54,"254":2,"255":2,"256":12,"257":12,"258":12,"259":12,"260":32,"261":32,"262":10,"263":2,"264":2,"265":2,"266":2,"267":2,"268":7,"269":3,"270":2,"271":2,"272":52,"273":5,"274":0,"275":5,"276":47,"277":47,"278":129,"279":47,"280":8,"281":47,"282":0,"283":1,"284":4,"285":4,"286":6,"287":6,"288":6,"289":3,"290":3,"291":1,"292":2,"293":1,"294":2,"295":2,"296":4,"297":4,"298":4,"299":1},"b":{"1":[0,1],"2":[1,0],"3":[1,0],"4":[1,1],"5":[49,1],"6":[12,38],"7":[1,37],"8":[1,1],"9":[1,0],"10":[1,0],"11":[62,99],"12":[25,37],"13":[4,21],"14":[6,31],"15":[2,97],"16":[1,96],"17":[8,88],"18":[2,96],"19":[59,35],"20":[94,0],"21":[84,0],"22":[10,0],"23":[2,1],"24":[2,98],"25":[1,97],"26":[23,74],"27":[2,21],"28":[2,20],"29":[6,68],"30":[2,24],"31":[15,9],"32":[9,0],"33":[5,9],"34":[9,0],"35":[13,9],"36":[85,5],"37":[2,0],"38":[2,0],"39":[1,0],"40":[2,0],"41":[1,0],"42":[3,0],"43":[35,129],"44":[127,2],"45":[129,113],"46":[111,16],"47":[108,19],"48":[134,17,12],"49":[1,0],"50":[0,5],"51":[13,9],"52":[2,11],"53":[13,8],"54":[6,5],"55":[0,11],"56":[0,11],"57":[9,0],"58":[57,54],"59":[2,52],"60":[10,22],"61":[3,4],"62":[5,47],"63":[0,5],"64":[47,0],"65":[3,3],"66":[1,2],"67":[4,0]},"f":{"1":1,"2":1,"3":50,"4":233,"5":72,"6":124,"7":161,"8":90,"9":84,"10":10,"11":104,"12":100,"13":22,"14":1,"15":14,"16":26,"17":11,"18":90,"19":0,"20":2,"21":2,"22":1,"23":2,"24":1,"25":3,"26":4,"27":36,"28":164,"29":32,"30":39,"31":134,"32":5,"33":22,"34":11,"35":17,"36":111,"37":12,"38":2,"39":7,"40":129,"41":8,"42":4,"43":6,"44":1},"fnMap":{"1":{"name":"(anonymous_1)","line":2,"loc":{"start":{"line":2,"column":1},"end":{"line":2,"column":25}}},"2":{"name":"(anonymous_2)","line":10,"loc":{"start":{"line":10,"column":9},"end":{"line":10,"column":60}}},"3":{"name":"(anonymous_3)","line":12,"loc":{"start":{"line":12,"column":11},"end":{"line":12,"column":38}}},"4":{"name":"(anonymous_4)","line":37,"loc":{"start":{"line":37,"column":33},"end":{"line":37,"column":64}}},"5":{"name":"(anonymous_5)","line":42,"loc":{"start":{"line":42,"column":35},"end":{"line":42,"column":83}}},"6":{"name":"(anonymous_6)","line":45,"loc":{"start":{"line":45,"column":39},"end":{"line":45,"column":54}}},"7":{"name":"(anonymous_7)","line":53,"loc":{"start":{"line":53,"column":34},"end":{"line":53,"column":81}}},"8":{"name":"(anonymous_8)","line":109,"loc":{"start":{"line":109,"column":56},"end":{"line":109,"column":83}}},"9":{"name":"(anonymous_9)","line":115,"loc":{"start":{"line":115,"column":50},"end":{"line":115,"column":66}}},"10":{"name":"(anonymous_10)","line":120,"loc":{"start":{"line":120,"column":16},"end":{"line":120,"column":32}}},"11":{"name":"(anonymous_11)","line":128,"loc":{"start":{"line":128,"column":20},"end":{"line":128,"column":40}}},"12":{"name":"(anonymous_12)","line":141,"loc":{"start":{"line":141,"column":31},"end":{"line":141,"column":69}}},"13":{"name":"(anonymous_13)","line":159,"loc":{"start":{"line":159,"column":25},"end":{"line":159,"column":41}}},"14":{"name":"(anonymous_14)","line":169,"loc":{"start":{"line":169,"column":18},"end":{"line":169,"column":38}}},"15":{"name":"(anonymous_15)","line":183,"loc":{"start":{"line":183,"column":34},"end":{"line":183,"column":84}}},"16":{"name":"(anonymous_16)","line":185,"loc":{"start":{"line":185,"column":15},"end":{"line":185,"column":32}}},"17":{"name":"(anonymous_17)","line":194,"loc":{"start":{"line":194,"column":45},"end":{"line":194,"column":69}}},"18":{"name":"(anonymous_18)","line":218,"loc":{"start":{"line":218,"column":23},"end":{"line":218,"column":65}}},"19":{"name":"(anonymous_19)","line":228,"loc":{"start":{"line":228,"column":21},"end":{"line":228,"column":32}}},"20":{"name":"(anonymous_20)","line":230,"loc":{"start":{"line":230,"column":25},"end":{"line":230,"column":40}}},"21":{"name":"(anonymous_21)","line":239,"loc":{"start":{"line":239,"column":35},"end":{"line":239,"column":50}}},"22":{"name":"(anonymous_22)","line":248,"loc":{"start":{"line":248,"column":26},"end":{"line":248,"column":57}}},"23":{"name":"(anonymous_23)","line":259,"loc":{"start":{"line":259,"column":41},"end":{"line":259,"column":65}}},"24":{"name":"(anonymous_24)","line":269,"loc":{"start":{"line":269,"column":32},"end":{"line":269,"column":63}}},"25":{"name":"(anonymous_25)","line":280,"loc":{"start":{"line":280,"column":27},"end":{"line":280,"column":51}}},"26":{"name":"(anonymous_26)","line":290,"loc":{"start":{"line":290,"column":24},"end":{"line":290,"column":39}}},"27":{"name":"(anonymous_27)","line":293,"loc":{"start":{"line":293,"column":27},"end":{"line":293,"column":45}}},"28":{"name":"(anonymous_28)","line":296,"loc":{"start":{"line":296,"column":31},"end":{"line":296,"column":56}}},"29":{"name":"(anonymous_29)","line":307,"loc":{"start":{"line":307,"column":27},"end":{"line":307,"column":48}}},"30":{"name":"(anonymous_30)","line":310,"loc":{"start":{"line":310,"column":36},"end":{"line":310,"column":53}}},"31":{"name":"(anonymous_31)","line":323,"loc":{"start":{"line":323,"column":21},"end":{"line":323,"column":37}}},"32":{"name":"(anonymous_32)","line":329,"loc":{"start":{"line":329,"column":27},"end":{"line":329,"column":46}}},"33":{"name":"(anonymous_33)","line":335,"loc":{"start":{"line":335,"column":31},"end":{"line":335,"column":58}}},"34":{"name":"(anonymous_34)","line":347,"loc":{"start":{"line":347,"column":33},"end":{"line":347,"column":47}}},"35":{"name":"(anonymous_35)","line":359,"loc":{"start":{"line":359,"column":26},"end":{"line":359,"column":45}}},"36":{"name":"(anonymous_36)","line":366,"loc":{"start":{"line":366,"column":18},"end":{"line":366,"column":32}}},"37":{"name":"(anonymous_37)","line":373,"loc":{"start":{"line":373,"column":15},"end":{"line":373,"column":29}}},"38":{"name":"(anonymous_38)","line":385,"loc":{"start":{"line":385,"column":20},"end":{"line":385,"column":31}}},"39":{"name":"(anonymous_39)","line":388,"loc":{"start":{"line":388,"column":31},"end":{"line":388,"column":48}}},"40":{"name":"(anonymous_40)","line":404,"loc":{"start":{"line":404,"column":15},"end":{"line":404,"column":29}}},"41":{"name":"(anonymous_41)","line":407,"loc":{"start":{"line":407,"column":20},"end":{"line":407,"column":31}}},"42":{"name":"(anonymous_42)","line":414,"loc":{"start":{"line":414,"column":48},"end":{"line":414,"column":78}}},"43":{"name":"(anonymous_43)","line":416,"loc":{"start":{"line":416,"column":13},"end":{"line":416,"column":27}}},"44":{"name":"(anonymous_44)","line":425,"loc":{"start":{"line":425,"column":23},"end":{"line":425,"column":41}}}},"statementMap":{"1":{"start":{"line":2,"column":0},"end":{"line":437,"column":3}},"2":{"start":{"line":3,"column":2},"end":{"line":9,"column":3}},"3":{"start":{"line":4,"column":4},"end":{"line":4,"column":61}},"4":{"start":{"line":5,"column":9},"end":{"line":9,"column":3}},"5":{"start":{"line":6,"column":4},"end":{"line":6,"column":127}},"6":{"start":{"line":8,"column":4},"end":{"line":8,"column":73}},"7":{"start":{"line":11,"column":2},"end":{"line":11,"column":13}},"8":{"start":{"line":12,"column":2},"end":{"line":35,"column":4}},"9":{"start":{"line":13,"column":4},"end":{"line":13,"column":79}},"10":{"start":{"line":14,"column":4},"end":{"line":14,"column":33}},"11":{"start":{"line":15,"column":4},"end":{"line":21,"column":5}},"12":{"start":{"line":16,"column":6},"end":{"line":16,"column":45}},"13":{"start":{"line":17,"column":6},"end":{"line":17,"column":33}},"14":{"start":{"line":19,"column":6},"end":{"line":19,"column":23}},"15":{"start":{"line":20,"column":6},"end":{"line":20,"column":33}},"16":{"start":{"line":22,"column":4},"end":{"line":22,"column":20}},"17":{"start":{"line":23,"column":4},"end":{"line":27,"column":5}},"18":{"start":{"line":24,"column":6},"end":{"line":24,"column":57}},"19":{"start":{"line":25,"column":6},"end":{"line":25,"column":48}},"20":{"start":{"line":26,"column":6},"end":{"line":26,"column":119}},"21":{"start":{"line":28,"column":4},"end":{"line":32,"column":5}},"22":{"start":{"line":29,"column":6},"end":{"line":29,"column":55}},"23":{"start":{"line":30,"column":6},"end":{"line":30,"column":48}},"24":{"start":{"line":31,"column":6},"end":{"line":31,"column":91}},"25":{"start":{"line":33,"column":4},"end":{"line":33,"column":53}},"26":{"start":{"line":34,"column":4},"end":{"line":34,"column":87}},"27":{"start":{"line":36,"column":2},"end":{"line":36,"column":142}},"28":{"start":{"line":37,"column":2},"end":{"line":41,"column":4}},"29":{"start":{"line":38,"column":4},"end":{"line":38,"column":27}},"30":{"start":{"line":39,"column":4},"end":{"line":39,"column":35}},"31":{"start":{"line":40,"column":4},"end":{"line":40,"column":16}},"32":{"start":{"line":42,"column":2},"end":{"line":52,"column":4}},"33":{"start":{"line":43,"column":4},"end":{"line":43,"column":33}},"34":{"start":{"line":44,"column":4},"end":{"line":44,"column":34}},"35":{"start":{"line":45,"column":4},"end":{"line":50,"column":8}},"36":{"start":{"line":46,"column":6},"end":{"line":46,"column":17}},"37":{"start":{"line":47,"column":6},"end":{"line":47,"column":83}},"38":{"start":{"line":48,"column":6},"end":{"line":48,"column":70}},"39":{"start":{"line":49,"column":6},"end":{"line":49,"column":28}},"40":{"start":{"line":51,"column":4},"end":{"line":51,"column":70}},"41":{"start":{"line":53,"column":2},"end":{"line":127,"column":4}},"42":{"start":{"line":54,"column":4},"end":{"line":54,"column":248}},"43":{"start":{"line":55,"column":4},"end":{"line":55,"column":18}},"44":{"start":{"line":56,"column":4},"end":{"line":56,"column":66}},"45":{"start":{"line":57,"column":4},"end":{"line":73,"column":5}},"46":{"start":{"line":58,"column":6},"end":{"line":58,"column":53}},"47":{"start":{"line":59,"column":6},"end":{"line":71,"column":52}},"48":{"start":{"line":72,"column":6},"end":{"line":72,"column":70}},"49":{"start":{"line":74,"column":4},"end":{"line":74,"column":26}},"50":{"start":{"line":75,"column":4},"end":{"line":77,"column":5}},"51":{"start":{"line":76,"column":6},"end":{"line":76,"column":107}},"52":{"start":{"line":78,"column":4},"end":{"line":80,"column":5}},"53":{"start":{"line":79,"column":6},"end":{"line":79,"column":118}},"54":{"start":{"line":81,"column":4},"end":{"line":87,"column":5}},"55":{"start":{"line":82,"column":6},"end":{"line":86,"column":9}},"56":{"start":{"line":88,"column":4},"end":{"line":88,"column":63}},"57":{"start":{"line":89,"column":4},"end":{"line":89,"column":29}},"58":{"start":{"line":90,"column":4},"end":{"line":90,"column":49}},"59":{"start":{"line":91,"column":4},"end":{"line":91,"column":25}},"60":{"start":{"line":92,"column":4},"end":{"line":100,"column":5}},"61":{"start":{"line":93,"column":6},"end":{"line":93,"column":58}},"62":{"start":{"line":94,"column":6},"end":{"line":94,"column":29}},"63":{"start":{"line":95,"column":6},"end":{"line":95,"column":37}},"64":{"start":{"line":96,"column":6},"end":{"line":98,"column":7}},"65":{"start":{"line":97,"column":8},"end":{"line":97,"column":122}},"66":{"start":{"line":99,"column":6},"end":{"line":99,"column":36}},"67":{"start":{"line":101,"column":4},"end":{"line":108,"column":5}},"68":{"start":{"line":102,"column":6},"end":{"line":102,"column":95}},"69":{"start":{"line":103,"column":6},"end":{"line":103,"column":43}},"70":{"start":{"line":104,"column":6},"end":{"line":104,"column":43}},"71":{"start":{"line":106,"column":6},"end":{"line":106,"column":48}},"72":{"start":{"line":107,"column":6},"end":{"line":107,"column":36}},"73":{"start":{"line":109,"column":4},"end":{"line":111,"column":7}},"74":{"start":{"line":110,"column":6},"end":{"line":110,"column":65}},"75":{"start":{"line":112,"column":4},"end":{"line":114,"column":5}},"76":{"start":{"line":113,"column":6},"end":{"line":113,"column":65}},"77":{"start":{"line":115,"column":4},"end":{"line":125,"column":7}},"78":{"start":{"line":116,"column":6},"end":{"line":118,"column":7}},"79":{"start":{"line":117,"column":8},"end":{"line":117,"column":48}},"80":{"start":{"line":119,"column":6},"end":{"line":119,"column":19}},"81":{"start":{"line":121,"column":6},"end":{"line":123,"column":7}},"82":{"start":{"line":122,"column":8},"end":{"line":122,"column":47}},"83":{"start":{"line":124,"column":6},"end":{"line":124,"column":35}},"84":{"start":{"line":126,"column":4},"end":{"line":126,"column":76}},"85":{"start":{"line":128,"column":2},"end":{"line":140,"column":4}},"86":{"start":{"line":129,"column":4},"end":{"line":129,"column":14}},"87":{"start":{"line":130,"column":4},"end":{"line":139,"column":5}},"88":{"start":{"line":131,"column":6},"end":{"line":131,"column":35}},"89":{"start":{"line":133,"column":6},"end":{"line":133,"column":21}},"90":{"start":{"line":134,"column":6},"end":{"line":138,"column":7}},"91":{"start":{"line":135,"column":8},"end":{"line":135,"column":21}},"92":{"start":{"line":137,"column":8},"end":{"line":137,"column":43}},"93":{"start":{"line":141,"column":2},"end":{"line":182,"column":4}},"94":{"start":{"line":142,"column":4},"end":{"line":142,"column":15}},"95":{"start":{"line":143,"column":4},"end":{"line":143,"column":52}},"96":{"start":{"line":144,"column":4},"end":{"line":146,"column":5}},"97":{"start":{"line":145,"column":6},"end":{"line":145,"column":93}},"98":{"start":{"line":147,"column":4},"end":{"line":149,"column":5}},"99":{"start":{"line":148,"column":6},"end":{"line":148,"column":86}},"100":{"start":{"line":150,"column":4},"end":{"line":172,"column":5}},"101":{"start":{"line":151,"column":6},"end":{"line":158,"column":7}},"102":{"start":{"line":152,"column":8},"end":{"line":157,"column":11}},"103":{"start":{"line":159,"column":6},"end":{"line":171,"column":9}},"104":{"start":{"line":160,"column":8},"end":{"line":167,"column":9}},"105":{"start":{"line":161,"column":10},"end":{"line":166,"column":13}},"106":{"start":{"line":168,"column":8},"end":{"line":168,"column":21}},"107":{"start":{"line":170,"column":8},"end":{"line":170,"column":97}},"108":{"start":{"line":173,"column":4},"end":{"line":180,"column":5}},"109":{"start":{"line":174,"column":6},"end":{"line":179,"column":9}},"110":{"start":{"line":181,"column":4},"end":{"line":181,"column":35}},"111":{"start":{"line":183,"column":2},"end":{"line":217,"column":4}},"112":{"start":{"line":184,"column":4},"end":{"line":184,"column":47}},"113":{"start":{"line":185,"column":4},"end":{"line":201,"column":6}},"114":{"start":{"line":186,"column":6},"end":{"line":186,"column":48}},"115":{"start":{"line":187,"column":6},"end":{"line":187,"column":29}},"116":{"start":{"line":188,"column":6},"end":{"line":188,"column":36}},"117":{"start":{"line":189,"column":6},"end":{"line":191,"column":7}},"118":{"start":{"line":190,"column":8},"end":{"line":190,"column":70}},"119":{"start":{"line":192,"column":6},"end":{"line":200,"column":7}},"120":{"start":{"line":193,"column":8},"end":{"line":193,"column":51}},"121":{"start":{"line":194,"column":8},"end":{"line":196,"column":11}},"122":{"start":{"line":195,"column":10},"end":{"line":195,"column":51}},"123":{"start":{"line":197,"column":8},"end":{"line":197,"column":68}},"124":{"start":{"line":198,"column":13},"end":{"line":200,"column":7}},"125":{"start":{"line":199,"column":8},"end":{"line":199,"column":77}},"126":{"start":{"line":202,"column":4},"end":{"line":216,"column":5}},"127":{"start":{"line":203,"column":6},"end":{"line":203,"column":54}},"128":{"start":{"line":204,"column":11},"end":{"line":216,"column":5}},"129":{"start":{"line":205,"column":6},"end":{"line":205,"column":40}},"130":{"start":{"line":206,"column":6},"end":{"line":206,"column":27}},"131":{"start":{"line":207,"column":6},"end":{"line":207,"column":13}},"132":{"start":{"line":208,"column":6},"end":{"line":208,"column":18}},"133":{"start":{"line":209,"column":6},"end":{"line":214,"column":7}},"134":{"start":{"line":210,"column":8},"end":{"line":210,"column":22}},"135":{"start":{"line":211,"column":8},"end":{"line":213,"column":9}},"136":{"start":{"line":212,"column":10},"end":{"line":212,"column":58}},"137":{"start":{"line":215,"column":6},"end":{"line":215,"column":35}},"138":{"start":{"line":218,"column":2},"end":{"line":227,"column":4}},"139":{"start":{"line":219,"column":4},"end":{"line":219,"column":43}},"140":{"start":{"line":220,"column":4},"end":{"line":226,"column":5}},"141":{"start":{"line":221,"column":6},"end":{"line":221,"column":73}},"142":{"start":{"line":223,"column":6},"end":{"line":223,"column":55}},"143":{"start":{"line":224,"column":6},"end":{"line":224,"column":73}},"144":{"start":{"line":225,"column":6},"end":{"line":225,"column":78}},"145":{"start":{"line":228,"column":2},"end":{"line":228,"column":35}},"146":{"start":{"line":229,"column":2},"end":{"line":229,"column":43}},"147":{"start":{"line":230,"column":2},"end":{"line":237,"column":4}},"148":{"start":{"line":231,"column":4},"end":{"line":231,"column":32}},"149":{"start":{"line":232,"column":4},"end":{"line":232,"column":121}},"150":{"start":{"line":233,"column":4},"end":{"line":235,"column":5}},"151":{"start":{"line":234,"column":6},"end":{"line":234,"column":54}},"152":{"start":{"line":236,"column":4},"end":{"line":236,"column":21}},"153":{"start":{"line":238,"column":2},"end":{"line":238,"column":58}},"154":{"start":{"line":239,"column":2},"end":{"line":246,"column":4}},"155":{"start":{"line":240,"column":4},"end":{"line":240,"column":42}},"156":{"start":{"line":241,"column":4},"end":{"line":241,"column":79}},"157":{"start":{"line":242,"column":4},"end":{"line":244,"column":5}},"158":{"start":{"line":243,"column":6},"end":{"line":243,"column":54}},"159":{"start":{"line":245,"column":4},"end":{"line":245,"column":21}},"160":{"start":{"line":247,"column":2},"end":{"line":247,"column":68}},"161":{"start":{"line":248,"column":2},"end":{"line":257,"column":4}},"162":{"start":{"line":249,"column":4},"end":{"line":249,"column":33}},"163":{"start":{"line":250,"column":4},"end":{"line":250,"column":105}},"164":{"start":{"line":251,"column":4},"end":{"line":253,"column":5}},"165":{"start":{"line":252,"column":6},"end":{"line":252,"column":54}},"166":{"start":{"line":254,"column":4},"end":{"line":254,"column":21}},"167":{"start":{"line":255,"column":4},"end":{"line":255,"column":27}},"168":{"start":{"line":256,"column":4},"end":{"line":256,"column":23}},"169":{"start":{"line":258,"column":2},"end":{"line":258,"column":59}},"170":{"start":{"line":259,"column":2},"end":{"line":267,"column":4}},"171":{"start":{"line":260,"column":4},"end":{"line":260,"column":48}},"172":{"start":{"line":261,"column":4},"end":{"line":261,"column":70}},"173":{"start":{"line":262,"column":4},"end":{"line":264,"column":5}},"174":{"start":{"line":263,"column":6},"end":{"line":263,"column":54}},"175":{"start":{"line":265,"column":4},"end":{"line":265,"column":21}},"176":{"start":{"line":266,"column":4},"end":{"line":266,"column":27}},"177":{"start":{"line":268,"column":2},"end":{"line":268,"column":74}},"178":{"start":{"line":269,"column":2},"end":{"line":278,"column":4}},"179":{"start":{"line":270,"column":4},"end":{"line":270,"column":39}},"180":{"start":{"line":271,"column":4},"end":{"line":271,"column":131}},"181":{"start":{"line":272,"column":4},"end":{"line":274,"column":5}},"182":{"start":{"line":273,"column":6},"end":{"line":273,"column":54}},"183":{"start":{"line":275,"column":4},"end":{"line":275,"column":21}},"184":{"start":{"line":276,"column":4},"end":{"line":276,"column":27}},"185":{"start":{"line":277,"column":4},"end":{"line":277,"column":23}},"186":{"start":{"line":279,"column":2},"end":{"line":279,"column":65}},"187":{"start":{"line":280,"column":2},"end":{"line":288,"column":4}},"188":{"start":{"line":281,"column":4},"end":{"line":281,"column":34}},"189":{"start":{"line":282,"column":4},"end":{"line":282,"column":149}},"190":{"start":{"line":283,"column":4},"end":{"line":285,"column":5}},"191":{"start":{"line":284,"column":6},"end":{"line":284,"column":54}},"192":{"start":{"line":286,"column":4},"end":{"line":286,"column":21}},"193":{"start":{"line":287,"column":4},"end":{"line":287,"column":27}},"194":{"start":{"line":289,"column":2},"end":{"line":289,"column":60}},"195":{"start":{"line":290,"column":2},"end":{"line":292,"column":4}},"196":{"start":{"line":291,"column":4},"end":{"line":291,"column":29}},"197":{"start":{"line":293,"column":2},"end":{"line":295,"column":4}},"198":{"start":{"line":294,"column":4},"end":{"line":294,"column":54}},"199":{"start":{"line":296,"column":2},"end":{"line":322,"column":4}},"200":{"start":{"line":297,"column":4},"end":{"line":297,"column":28}},"201":{"start":{"line":298,"column":4},"end":{"line":300,"column":5}},"202":{"start":{"line":299,"column":6},"end":{"line":299,"column":30}},"203":{"start":{"line":301,"column":4},"end":{"line":301,"column":26}},"204":{"start":{"line":302,"column":4},"end":{"line":320,"column":5}},"205":{"start":{"line":303,"column":6},"end":{"line":315,"column":7}},"206":{"start":{"line":304,"column":8},"end":{"line":304,"column":54}},"207":{"start":{"line":306,"column":8},"end":{"line":306,"column":21}},"208":{"start":{"line":307,"column":8},"end":{"line":313,"column":11}},"209":{"start":{"line":308,"column":10},"end":{"line":308,"column":22}},"210":{"start":{"line":309,"column":10},"end":{"line":309,"column":66}},"211":{"start":{"line":310,"column":10},"end":{"line":312,"column":13}},"212":{"start":{"line":311,"column":12},"end":{"line":311,"column":42}},"213":{"start":{"line":314,"column":8},"end":{"line":314,"column":36}},"214":{"start":{"line":316,"column":6},"end":{"line":318,"column":7}},"215":{"start":{"line":317,"column":8},"end":{"line":317,"column":32}},"216":{"start":{"line":319,"column":6},"end":{"line":319,"column":18}},"217":{"start":{"line":321,"column":4},"end":{"line":321,"column":14}},"218":{"start":{"line":323,"column":2},"end":{"line":327,"column":4}},"219":{"start":{"line":324,"column":4},"end":{"line":324,"column":13}},"220":{"start":{"line":325,"column":4},"end":{"line":325,"column":24}},"221":{"start":{"line":326,"column":4},"end":{"line":326,"column":80}},"222":{"start":{"line":328,"column":2},"end":{"line":365,"column":3}},"223":{"start":{"line":329,"column":4},"end":{"line":334,"column":6}},"224":{"start":{"line":330,"column":6},"end":{"line":332,"column":7}},"225":{"start":{"line":331,"column":8},"end":{"line":331,"column":53}},"226":{"start":{"line":333,"column":6},"end":{"line":333,"column":52}},"227":{"start":{"line":335,"column":4},"end":{"line":364,"column":6}},"228":{"start":{"line":336,"column":6},"end":{"line":336,"column":46}},"229":{"start":{"line":337,"column":6},"end":{"line":337,"column":41}},"230":{"start":{"line":338,"column":6},"end":{"line":362,"column":7}},"231":{"start":{"line":339,"column":8},"end":{"line":339,"column":49}},"232":{"start":{"line":340,"column":8},"end":{"line":342,"column":9}},"233":{"start":{"line":341,"column":10},"end":{"line":341,"column":17}},"234":{"start":{"line":343,"column":8},"end":{"line":345,"column":9}},"235":{"start":{"line":344,"column":10},"end":{"line":344,"column":44}},"236":{"start":{"line":346,"column":8},"end":{"line":346,"column":36}},"237":{"start":{"line":347,"column":8},"end":{"line":356,"column":11}},"238":{"start":{"line":348,"column":10},"end":{"line":350,"column":11}},"239":{"start":{"line":349,"column":12},"end":{"line":349,"column":84}},"240":{"start":{"line":351,"column":10},"end":{"line":353,"column":11}},"241":{"start":{"line":352,"column":12},"end":{"line":352,"column":119}},"242":{"start":{"line":354,"column":10},"end":{"line":354,"column":37}},"243":{"start":{"line":355,"column":10},"end":{"line":355,"column":47}},"244":{"start":{"line":357,"column":13},"end":{"line":362,"column":7}},"245":{"start":{"line":358,"column":8},"end":{"line":358,"column":51}},"246":{"start":{"line":359,"column":8},"end":{"line":361,"column":11}},"247":{"start":{"line":360,"column":10},"end":{"line":360,"column":87}},"248":{"start":{"line":363,"column":6},"end":{"line":363,"column":20}},"249":{"start":{"line":366,"column":2},"end":{"line":413,"column":4}},"250":{"start":{"line":367,"column":4},"end":{"line":367,"column":31}},"251":{"start":{"line":368,"column":4},"end":{"line":370,"column":5}},"252":{"start":{"line":369,"column":6},"end":{"line":369,"column":17}},"253":{"start":{"line":371,"column":4},"end":{"line":396,"column":5}},"254":{"start":{"line":372,"column":6},"end":{"line":372,"column":49}},"255":{"start":{"line":373,"column":6},"end":{"line":384,"column":8}},"256":{"start":{"line":374,"column":8},"end":{"line":374,"column":34}},"257":{"start":{"line":375,"column":8},"end":{"line":375,"column":19}},"258":{"start":{"line":376,"column":8},"end":{"line":376,"column":28}},"259":{"start":{"line":377,"column":8},"end":{"line":382,"column":9}},"260":{"start":{"line":378,"column":10},"end":{"line":378,"column":46}},"261":{"start":{"line":379,"column":10},"end":{"line":381,"column":11}},"262":{"start":{"line":380,"column":12},"end":{"line":380,"column":26}},"263":{"start":{"line":383,"column":8},"end":{"line":383,"column":20}},"264":{"start":{"line":385,"column":6},"end":{"line":394,"column":8}},"265":{"start":{"line":386,"column":8},"end":{"line":386,"column":17}},"266":{"start":{"line":387,"column":8},"end":{"line":387,"column":18}},"267":{"start":{"line":388,"column":8},"end":{"line":392,"column":11}},"268":{"start":{"line":389,"column":10},"end":{"line":391,"column":11}},"269":{"start":{"line":390,"column":12},"end":{"line":390,"column":53}},"270":{"start":{"line":393,"column":8},"end":{"line":393,"column":20}},"271":{"start":{"line":395,"column":6},"end":{"line":395,"column":20}},"272":{"start":{"line":397,"column":4},"end":{"line":402,"column":5}},"273":{"start":{"line":398,"column":6},"end":{"line":400,"column":7}},"274":{"start":{"line":399,"column":8},"end":{"line":399,"column":117}},"275":{"start":{"line":401,"column":6},"end":{"line":401,"column":54}},"276":{"start":{"line":403,"column":4},"end":{"line":411,"column":5}},"277":{"start":{"line":404,"column":6},"end":{"line":406,"column":8}},"278":{"start":{"line":405,"column":8},"end":{"line":405,"column":24}},"279":{"start":{"line":407,"column":6},"end":{"line":409,"column":8}},"280":{"start":{"line":408,"column":8},"end":{"line":408,"column":32}},"281":{"start":{"line":410,"column":6},"end":{"line":410,"column":20}},"282":{"start":{"line":412,"column":4},"end":{"line":412,"column":85}},"283":{"start":{"line":414,"column":2},"end":{"line":435,"column":4}},"284":{"start":{"line":415,"column":4},"end":{"line":415,"column":15}},"285":{"start":{"line":416,"column":4},"end":{"line":430,"column":6}},"286":{"start":{"line":417,"column":6},"end":{"line":417,"column":33}},"287":{"start":{"line":418,"column":6},"end":{"line":418,"column":32}},"288":{"start":{"line":419,"column":6},"end":{"line":421,"column":7}},"289":{"start":{"line":420,"column":8},"end":{"line":420,"column":22}},"290":{"start":{"line":422,"column":6},"end":{"line":424,"column":7}},"291":{"start":{"line":423,"column":8},"end":{"line":423,"column":20}},"292":{"start":{"line":425,"column":6},"end":{"line":427,"column":8}},"293":{"start":{"line":426,"column":8},"end":{"line":426,"column":23}},"294":{"start":{"line":428,"column":6},"end":{"line":428,"column":47}},"295":{"start":{"line":429,"column":6},"end":{"line":429,"column":28}},"296":{"start":{"line":431,"column":4},"end":{"line":433,"column":5}},"297":{"start":{"line":432,"column":6},"end":{"line":432,"column":37}},"298":{"start":{"line":434,"column":4},"end":{"line":434,"column":18}},"299":{"start":{"line":436,"column":2},"end":{"line":436,"column":16}}},"branchMap":{"1":{"line":3,"type":"if","locations":[{"start":{"line":3,"column":2},"end":{"line":3,"column":2}},{"start":{"line":3,"column":2},"end":{"line":3,"column":2}}]},"2":{"line":3,"type":"binary-expr","locations":[{"start":{"line":3,"column":7},"end":{"line":3,"column":35}},{"start":{"line":3,"column":41},"end":{"line":3,"column":59}}]},"3":{"line":5,"type":"if","locations":[{"start":{"line":5,"column":9},"end":{"line":5,"column":9}},{"start":{"line":5,"column":9},"end":{"line":5,"column":9}}]},"4":{"line":5,"type":"binary-expr","locations":[{"start":{"line":5,"column":13},"end":{"line":5,"column":43}},{"start":{"line":5,"column":47},"end":{"line":5,"column":63}}]},"5":{"line":15,"type":"if","locations":[{"start":{"line":15,"column":4},"end":{"line":15,"column":4}},{"start":{"line":15,"column":4},"end":{"line":15,"column":4}}]},"6":{"line":23,"type":"if","locations":[{"start":{"line":23,"column":4},"end":{"line":23,"column":4}},{"start":{"line":23,"column":4},"end":{"line":23,"column":4}}]},"7":{"line":28,"type":"if","locations":[{"start":{"line":28,"column":4},"end":{"line":28,"column":4}},{"start":{"line":28,"column":4},"end":{"line":28,"column":4}}]},"8":{"line":36,"type":"binary-expr","locations":[{"start":{"line":36,"column":21},"end":{"line":36,"column":76}},{"start":{"line":36,"column":82},"end":{"line":36,"column":140}}]},"9":{"line":36,"type":"cond-expr","locations":[{"start":{"line":36,"column":41},"end":{"line":36,"column":58}},{"start":{"line":36,"column":61},"end":{"line":36,"column":67}}]},"10":{"line":36,"type":"cond-expr","locations":[{"start":{"line":36,"column":102},"end":{"line":36,"column":122}},{"start":{"line":36,"column":125},"end":{"line":36,"column":131}}]},"11":{"line":57,"type":"if","locations":[{"start":{"line":57,"column":4},"end":{"line":57,"column":4}},{"start":{"line":57,"column":4},"end":{"line":57,"column":4}}]},"12":{"line":59,"type":"cond-expr","locations":[{"start":{"line":59,"column":53},"end":{"line":65,"column":33}},{"start":{"line":65,"column":38},"end":{"line":71,"column":50}}]},"13":{"line":59,"type":"cond-expr","locations":[{"start":{"line":59,"column":90},"end":{"line":65,"column":8}},{"start":{"line":65,"column":11},"end":{"line":65,"column":17}}]},"14":{"line":65,"type":"cond-expr","locations":[{"start":{"line":65,"column":75},"end":{"line":71,"column":8}},{"start":{"line":71,"column":11},"end":{"line":71,"column":17}}]},"15":{"line":75,"type":"if","locations":[{"start":{"line":75,"column":4},"end":{"line":75,"column":4}},{"start":{"line":75,"column":4},"end":{"line":75,"column":4}}]},"16":{"line":78,"type":"if","locations":[{"start":{"line":78,"column":4},"end":{"line":78,"column":4}},{"start":{"line":78,"column":4},"end":{"line":78,"column":4}}]},"17":{"line":81,"type":"if","locations":[{"start":{"line":81,"column":4},"end":{"line":81,"column":4}},{"start":{"line":81,"column":4},"end":{"line":81,"column":4}}]},"18":{"line":96,"type":"if","locations":[{"start":{"line":96,"column":6},"end":{"line":96,"column":6}},{"start":{"line":96,"column":6},"end":{"line":96,"column":6}}]},"19":{"line":101,"type":"if","locations":[{"start":{"line":101,"column":4},"end":{"line":101,"column":4}},{"start":{"line":101,"column":4},"end":{"line":101,"column":4}}]},"20":{"line":112,"type":"if","locations":[{"start":{"line":112,"column":4},"end":{"line":112,"column":4}},{"start":{"line":112,"column":4},"end":{"line":112,"column":4}}]},"21":{"line":116,"type":"if","locations":[{"start":{"line":116,"column":6},"end":{"line":116,"column":6}},{"start":{"line":116,"column":6},"end":{"line":116,"column":6}}]},"22":{"line":121,"type":"if","locations":[{"start":{"line":121,"column":6},"end":{"line":121,"column":6}},{"start":{"line":121,"column":6},"end":{"line":121,"column":6}}]},"23":{"line":134,"type":"if","locations":[{"start":{"line":134,"column":6},"end":{"line":134,"column":6}},{"start":{"line":134,"column":6},"end":{"line":134,"column":6}}]},"24":{"line":144,"type":"if","locations":[{"start":{"line":144,"column":4},"end":{"line":144,"column":4}},{"start":{"line":144,"column":4},"end":{"line":144,"column":4}}]},"25":{"line":147,"type":"if","locations":[{"start":{"line":147,"column":4},"end":{"line":147,"column":4}},{"start":{"line":147,"column":4},"end":{"line":147,"column":4}}]},"26":{"line":150,"type":"if","locations":[{"start":{"line":150,"column":4},"end":{"line":150,"column":4}},{"start":{"line":150,"column":4},"end":{"line":150,"column":4}}]},"27":{"line":151,"type":"if","locations":[{"start":{"line":151,"column":6},"end":{"line":151,"column":6}},{"start":{"line":151,"column":6},"end":{"line":151,"column":6}}]},"28":{"line":160,"type":"if","locations":[{"start":{"line":160,"column":8},"end":{"line":160,"column":8}},{"start":{"line":160,"column":8},"end":{"line":160,"column":8}}]},"29":{"line":173,"type":"if","locations":[{"start":{"line":173,"column":4},"end":{"line":173,"column":4}},{"start":{"line":173,"column":4},"end":{"line":173,"column":4}}]},"30":{"line":189,"type":"if","locations":[{"start":{"line":189,"column":6},"end":{"line":189,"column":6}},{"start":{"line":189,"column":6},"end":{"line":189,"column":6}}]},"31":{"line":192,"type":"if","locations":[{"start":{"line":192,"column":6},"end":{"line":192,"column":6}},{"start":{"line":192,"column":6},"end":{"line":192,"column":6}}]},"32":{"line":198,"type":"if","locations":[{"start":{"line":198,"column":13},"end":{"line":198,"column":13}},{"start":{"line":198,"column":13},"end":{"line":198,"column":13}}]},"33":{"line":202,"type":"if","locations":[{"start":{"line":202,"column":4},"end":{"line":202,"column":4}},{"start":{"line":202,"column":4},"end":{"line":202,"column":4}}]},"34":{"line":204,"type":"if","locations":[{"start":{"line":204,"column":11},"end":{"line":204,"column":11}},{"start":{"line":204,"column":11},"end":{"line":204,"column":11}}]},"35":{"line":211,"type":"if","locations":[{"start":{"line":211,"column":8},"end":{"line":211,"column":8}},{"start":{"line":211,"column":8},"end":{"line":211,"column":8}}]},"36":{"line":220,"type":"if","locations":[{"start":{"line":220,"column":4},"end":{"line":220,"column":4}},{"start":{"line":220,"column":4},"end":{"line":220,"column":4}}]},"37":{"line":233,"type":"if","locations":[{"start":{"line":233,"column":4},"end":{"line":233,"column":4}},{"start":{"line":233,"column":4},"end":{"line":233,"column":4}}]},"38":{"line":242,"type":"if","locations":[{"start":{"line":242,"column":4},"end":{"line":242,"column":4}},{"start":{"line":242,"column":4},"end":{"line":242,"column":4}}]},"39":{"line":251,"type":"if","locations":[{"start":{"line":251,"column":4},"end":{"line":251,"column":4}},{"start":{"line":251,"column":4},"end":{"line":251,"column":4}}]},"40":{"line":262,"type":"if","locations":[{"start":{"line":262,"column":4},"end":{"line":262,"column":4}},{"start":{"line":262,"column":4},"end":{"line":262,"column":4}}]},"41":{"line":272,"type":"if","locations":[{"start":{"line":272,"column":4},"end":{"line":272,"column":4}},{"start":{"line":272,"column":4},"end":{"line":272,"column":4}}]},"42":{"line":283,"type":"if","locations":[{"start":{"line":283,"column":4},"end":{"line":283,"column":4}},{"start":{"line":283,"column":4},"end":{"line":283,"column":4}}]},"43":{"line":298,"type":"if","locations":[{"start":{"line":298,"column":4},"end":{"line":298,"column":4}},{"start":{"line":298,"column":4},"end":{"line":298,"column":4}}]},"44":{"line":302,"type":"if","locations":[{"start":{"line":302,"column":4},"end":{"line":302,"column":4}},{"start":{"line":302,"column":4},"end":{"line":302,"column":4}}]},"45":{"line":302,"type":"binary-expr","locations":[{"start":{"line":302,"column":9},"end":{"line":302,"column":26}},{"start":{"line":302,"column":32},"end":{"line":302,"column":51}}]},"46":{"line":303,"type":"if","locations":[{"start":{"line":303,"column":6},"end":{"line":303,"column":6}},{"start":{"line":303,"column":6},"end":{"line":303,"column":6}}]},"47":{"line":316,"type":"if","locations":[{"start":{"line":316,"column":6},"end":{"line":316,"column":6}},{"start":{"line":316,"column":6},"end":{"line":316,"column":6}}]},"48":{"line":326,"type":"binary-expr","locations":[{"start":{"line":326,"column":12},"end":{"line":326,"column":31}},{"start":{"line":326,"column":36},"end":{"line":326,"column":56}},{"start":{"line":326,"column":61},"end":{"line":326,"column":78}}]},"49":{"line":328,"type":"if","locations":[{"start":{"line":328,"column":2},"end":{"line":328,"column":2}},{"start":{"line":328,"column":2},"end":{"line":328,"column":2}}]},"50":{"line":330,"type":"if","locations":[{"start":{"line":330,"column":6},"end":{"line":330,"column":6}},{"start":{"line":330,"column":6},"end":{"line":330,"column":6}}]},"51":{"line":338,"type":"if","locations":[{"start":{"line":338,"column":6},"end":{"line":338,"column":6}},{"start":{"line":338,"column":6},"end":{"line":338,"column":6}}]},"52":{"line":340,"type":"if","locations":[{"start":{"line":340,"column":8},"end":{"line":340,"column":8}},{"start":{"line":340,"column":8},"end":{"line":340,"column":8}}]},"53":{"line":340,"type":"binary-expr","locations":[{"start":{"line":340,"column":12},"end":{"line":340,"column":31}},{"start":{"line":340,"column":35},"end":{"line":340,"column":58}}]},"54":{"line":343,"type":"if","locations":[{"start":{"line":343,"column":8},"end":{"line":343,"column":8}},{"start":{"line":343,"column":8},"end":{"line":343,"column":8}}]},"55":{"line":348,"type":"if","locations":[{"start":{"line":348,"column":10},"end":{"line":348,"column":10}},{"start":{"line":348,"column":10},"end":{"line":348,"column":10}}]},"56":{"line":351,"type":"if","locations":[{"start":{"line":351,"column":10},"end":{"line":351,"column":10}},{"start":{"line":351,"column":10},"end":{"line":351,"column":10}}]},"57":{"line":357,"type":"if","locations":[{"start":{"line":357,"column":13},"end":{"line":357,"column":13}},{"start":{"line":357,"column":13},"end":{"line":357,"column":13}}]},"58":{"line":368,"type":"if","locations":[{"start":{"line":368,"column":4},"end":{"line":368,"column":4}},{"start":{"line":368,"column":4},"end":{"line":368,"column":4}}]},"59":{"line":371,"type":"if","locations":[{"start":{"line":371,"column":4},"end":{"line":371,"column":4}},{"start":{"line":371,"column":4},"end":{"line":371,"column":4}}]},"60":{"line":379,"type":"if","locations":[{"start":{"line":379,"column":10},"end":{"line":379,"column":10}},{"start":{"line":379,"column":10},"end":{"line":379,"column":10}}]},"61":{"line":389,"type":"if","locations":[{"start":{"line":389,"column":10},"end":{"line":389,"column":10}},{"start":{"line":389,"column":10},"end":{"line":389,"column":10}}]},"62":{"line":397,"type":"if","locations":[{"start":{"line":397,"column":4},"end":{"line":397,"column":4}},{"start":{"line":397,"column":4},"end":{"line":397,"column":4}}]},"63":{"line":398,"type":"if","locations":[{"start":{"line":398,"column":6},"end":{"line":398,"column":6}},{"start":{"line":398,"column":6},"end":{"line":398,"column":6}}]},"64":{"line":403,"type":"if","locations":[{"start":{"line":403,"column":4},"end":{"line":403,"column":4}},{"start":{"line":403,"column":4},"end":{"line":403,"column":4}}]},"65":{"line":419,"type":"if","locations":[{"start":{"line":419,"column":6},"end":{"line":419,"column":6}},{"start":{"line":419,"column":6},"end":{"line":419,"column":6}}]},"66":{"line":422,"type":"if","locations":[{"start":{"line":422,"column":6},"end":{"line":422,"column":6}},{"start":{"line":422,"column":6},"end":{"line":422,"column":6}}]},"67":{"line":431,"type":"if","locations":[{"start":{"line":431,"column":4},"end":{"line":431,"column":4}},{"start":{"line":431,"column":4},"end":{"line":431,"column":4}}]}}}}