TN:
SF:/Users/mk/workspace/hinoki/lib/hinoki.js
FN:2,(anonymous_1)
FN:10,(anonymous_2)
FN:12,(anonymous_3)
FN:36,(anonymous_4)
FN:41,(anonymous_5)
FN:44,(anonymous_6)
FN:52,(anonymous_7)
FN:108,(anonymous_8)
FN:114,(anonymous_9)
FN:119,(anonymous_10)
FN:127,(anonymous_11)
FN:140,(anonymous_12)
FN:158,(anonymous_13)
FN:168,(anonymous_14)
FN:182,(anonymous_15)
FN:184,(anonymous_16)
FN:193,(anonymous_17)
FN:217,(anonymous_18)
FN:227,(anonymous_19)
FN:229,(anonymous_20)
FN:238,(anonymous_21)
FN:247,(anonymous_22)
FN:258,(anonymous_23)
FN:268,(anonymous_24)
FN:279,(anonymous_25)
FN:289,(anonymous_26)
FN:292,(anonymous_27)
FN:295,(anonymous_28)
FN:306,(anonymous_29)
FN:309,(anonymous_30)
FN:322,(anonymous_31)
FN:328,(anonymous_32)
FN:334,(anonymous_33)
FN:346,(anonymous_34)
FN:358,(anonymous_35)
FN:365,(anonymous_36)
FN:372,(anonymous_37)
FN:384,(anonymous_38)
FN:387,(anonymous_39)
FN:400,(anonymous_40)
FN:403,(anonymous_41)
FN:410,(anonymous_42)
FN:412,(anonymous_43)
FN:421,(anonymous_44)
FNF:44
FNH:43
FNDA:1,(anonymous_1)
FNDA:1,(anonymous_2)
FNDA:50,(anonymous_3)
FNDA:233,(anonymous_4)
FNDA:72,(anonymous_5)
FNDA:124,(anonymous_6)
FNDA:161,(anonymous_7)
FNDA:90,(anonymous_8)
FNDA:84,(anonymous_9)
FNDA:10,(anonymous_10)
FNDA:104,(anonymous_11)
FNDA:100,(anonymous_12)
FNDA:22,(anonymous_13)
FNDA:1,(anonymous_14)
FNDA:14,(anonymous_15)
FNDA:26,(anonymous_16)
FNDA:11,(anonymous_17)
FNDA:90,(anonymous_18)
FNDA:0,(anonymous_19)
FNDA:2,(anonymous_20)
FNDA:2,(anonymous_21)
FNDA:1,(anonymous_22)
FNDA:2,(anonymous_23)
FNDA:1,(anonymous_24)
FNDA:3,(anonymous_25)
FNDA:4,(anonymous_26)
FNDA:36,(anonymous_27)
FNDA:164,(anonymous_28)
FNDA:32,(anonymous_29)
FNDA:39,(anonymous_30)
FNDA:134,(anonymous_31)
FNDA:5,(anonymous_32)
FNDA:22,(anonymous_33)
FNDA:11,(anonymous_34)
FNDA:17,(anonymous_35)
FNDA:106,(anonymous_36)
FNDA:8,(anonymous_37)
FNDA:1,(anonymous_38)
FNDA:4,(anonymous_39)
FNDA:126,(anonymous_40)
FNDA:7,(anonymous_41)
FNDA:4,(anonymous_42)
FNDA:6,(anonymous_43)
FNDA:1,(anonymous_44)
DA:2,1
DA:3,1
DA:4,0
DA:5,1
DA:6,1
DA:8,0
DA:11,1
DA:12,1
DA:13,50
DA:14,50
DA:15,50
DA:16,49
DA:17,49
DA:19,1
DA:20,1
DA:22,50
DA:23,50
DA:24,12
DA:25,12
DA:26,12
DA:28,38
DA:29,1
DA:30,1
DA:31,1
DA:33,37
DA:34,37
DA:36,1
DA:37,233
DA:38,233
DA:39,233
DA:41,1
DA:42,72
DA:43,72
DA:44,72
DA:45,124
DA:46,124
DA:47,124
DA:48,124
DA:50,72
DA:52,1
DA:53,161
DA:54,161
DA:55,161
DA:56,161
DA:57,62
DA:58,62
DA:71,62
DA:73,99
DA:74,99
DA:75,2
DA:77,97
DA:78,1
DA:80,96
DA:81,8
DA:87,96
DA:88,96
DA:89,96
DA:90,96
DA:91,96
DA:92,98
DA:93,98
DA:94,98
DA:95,98
DA:96,2
DA:98,96
DA:100,94
DA:101,59
DA:102,59
DA:103,59
DA:105,35
DA:106,35
DA:108,94
DA:109,90
DA:111,94
DA:112,94
DA:114,94
DA:115,84
DA:116,84
DA:118,84
DA:120,10
DA:121,10
DA:123,10
DA:125,94
DA:127,1
DA:128,104
DA:129,104
DA:130,104
DA:132,3
DA:133,3
DA:134,2
DA:136,1
DA:140,1
DA:141,100
DA:142,100
DA:143,100
DA:144,2
DA:146,98
DA:147,1
DA:149,97
DA:150,23
DA:151,2
DA:158,23
DA:159,22
DA:160,2
DA:167,22
DA:169,1
DA:172,74
DA:173,6
DA:180,74
DA:182,1
DA:183,14
DA:184,14
DA:185,26
DA:186,26
DA:187,26
DA:188,26
DA:189,2
DA:191,24
DA:192,15
DA:193,15
DA:194,11
DA:196,15
DA:197,9
DA:198,9
DA:201,14
DA:202,5
DA:203,9
DA:204,9
DA:205,9
DA:206,9
DA:207,9
DA:208,9
DA:209,22
DA:210,22
DA:211,13
DA:214,9
DA:217,1
DA:218,90
DA:219,90
DA:220,85
DA:222,5
DA:223,5
DA:224,5
DA:227,1
DA:228,1
DA:229,1
DA:230,2
DA:231,2
DA:232,2
DA:233,2
DA:235,2
DA:237,1
DA:238,1
DA:239,2
DA:240,2
DA:241,2
DA:242,2
DA:244,2
DA:246,1
DA:247,1
DA:248,1
DA:249,1
DA:250,1
DA:251,1
DA:253,1
DA:254,1
DA:255,1
DA:257,1
DA:258,1
DA:259,2
DA:260,2
DA:261,2
DA:262,2
DA:264,2
DA:265,2
DA:267,1
DA:268,1
DA:269,1
DA:270,1
DA:271,1
DA:272,1
DA:274,1
DA:275,1
DA:276,1
DA:278,1
DA:279,1
DA:280,3
DA:281,3
DA:282,3
DA:283,3
DA:285,3
DA:286,3
DA:288,1
DA:289,1
DA:290,4
DA:292,1
DA:293,36
DA:295,1
DA:296,164
DA:297,164
DA:298,35
DA:300,129
DA:301,129
DA:302,127
DA:303,111
DA:305,16
DA:306,16
DA:307,32
DA:308,32
DA:309,32
DA:310,39
DA:313,16
DA:315,127
DA:316,108
DA:318,127
DA:320,2
DA:322,1
DA:323,134
DA:324,134
DA:325,134
DA:327,1
DA:328,1
DA:329,5
DA:330,0
DA:332,5
DA:334,1
DA:335,22
DA:336,22
DA:337,22
DA:338,13
DA:339,13
DA:340,2
DA:342,11
DA:343,6
DA:345,11
DA:346,11
DA:347,11
DA:348,0
DA:350,11
DA:351,0
DA:353,11
DA:354,11
DA:356,9
DA:357,9
DA:358,9
DA:359,17
DA:362,20
DA:365,1
DA:366,106
DA:367,106
DA:368,54
DA:370,52
DA:371,1
DA:372,1
DA:373,8
DA:374,8
DA:375,8
DA:376,8
DA:377,23
DA:378,23
DA:379,7
DA:382,1
DA:384,1
DA:385,1
DA:386,1
DA:387,1
DA:388,4
DA:389,2
DA:392,1
DA:394,1
DA:396,51
DA:397,5
DA:399,46
DA:400,46
DA:401,126
DA:403,46
DA:404,7
DA:406,46
DA:408,0
DA:410,1
DA:411,4
DA:412,4
DA:413,6
DA:414,6
DA:415,6
DA:416,3
DA:418,3
DA:419,1
DA:421,2
DA:422,1
DA:424,2
DA:425,2
DA:427,4
DA:428,4
DA:430,4
DA:432,1
LF:296
LH:290
BRDA:3,1,0,0
BRDA:3,1,1,1
BRDA:3,2,0,1
BRDA:3,2,1,0
BRDA:5,3,0,1
BRDA:5,3,1,0
BRDA:5,4,0,1
BRDA:5,4,1,1
BRDA:15,5,0,49
BRDA:15,5,1,1
BRDA:23,6,0,12
BRDA:23,6,1,38
BRDA:28,7,0,1
BRDA:28,7,1,37
BRDA:56,8,0,62
BRDA:56,8,1,99
BRDA:58,9,0,25
BRDA:58,9,1,37
BRDA:58,10,0,4
BRDA:58,10,1,21
BRDA:64,11,0,6
BRDA:64,11,1,31
BRDA:74,12,0,2
BRDA:74,12,1,97
BRDA:77,13,0,1
BRDA:77,13,1,96
BRDA:80,14,0,8
BRDA:80,14,1,88
BRDA:95,15,0,2
BRDA:95,15,1,96
BRDA:100,16,0,59
BRDA:100,16,1,35
BRDA:111,17,0,94
BRDA:111,17,1,0
BRDA:115,18,0,84
BRDA:115,18,1,0
BRDA:120,19,0,10
BRDA:120,19,1,0
BRDA:133,20,0,2
BRDA:133,20,1,1
BRDA:143,21,0,2
BRDA:143,21,1,98
BRDA:146,22,0,1
BRDA:146,22,1,97
BRDA:149,23,0,23
BRDA:149,23,1,74
BRDA:150,24,0,2
BRDA:150,24,1,21
BRDA:159,25,0,2
BRDA:159,25,1,20
BRDA:172,26,0,6
BRDA:172,26,1,68
BRDA:188,27,0,2
BRDA:188,27,1,24
BRDA:191,28,0,15
BRDA:191,28,1,9
BRDA:197,29,0,9
BRDA:197,29,1,0
BRDA:201,30,0,5
BRDA:201,30,1,9
BRDA:203,31,0,9
BRDA:203,31,1,0
BRDA:210,32,0,13
BRDA:210,32,1,9
BRDA:219,33,0,85
BRDA:219,33,1,5
BRDA:232,34,0,2
BRDA:232,34,1,0
BRDA:241,35,0,2
BRDA:241,35,1,0
BRDA:250,36,0,1
BRDA:250,36,1,0
BRDA:261,37,0,2
BRDA:261,37,1,0
BRDA:271,38,0,1
BRDA:271,38,1,0
BRDA:282,39,0,3
BRDA:282,39,1,0
BRDA:297,40,0,35
BRDA:297,40,1,129
BRDA:301,41,0,127
BRDA:301,41,1,2
BRDA:301,42,0,129
BRDA:301,42,1,113
BRDA:302,43,0,111
BRDA:302,43,1,16
BRDA:315,44,0,108
BRDA:315,44,1,19
BRDA:325,45,0,134
BRDA:325,45,1,17
BRDA:325,45,2,12
BRDA:327,46,0,1
BRDA:327,46,1,0
BRDA:327,47,0,1
BRDA:327,47,1,1
BRDA:329,48,0,0
BRDA:329,48,1,5
BRDA:337,49,0,13
BRDA:337,49,1,9
BRDA:339,50,0,2
BRDA:339,50,1,11
BRDA:339,51,0,13
BRDA:339,51,1,8
BRDA:342,52,0,6
BRDA:342,52,1,5
BRDA:347,53,0,0
BRDA:347,53,1,11
BRDA:350,54,0,0
BRDA:350,54,1,11
BRDA:356,55,0,9
BRDA:356,55,1,0
BRDA:367,56,0,54
BRDA:367,56,1,52
BRDA:370,57,0,1
BRDA:370,57,1,51
BRDA:378,58,0,7
BRDA:378,58,1,16
BRDA:388,59,0,2
BRDA:388,59,1,2
BRDA:396,60,0,5
BRDA:396,60,1,46
BRDA:399,61,0,46
BRDA:399,61,1,0
BRDA:415,62,0,3
BRDA:415,62,1,3
BRDA:418,63,0,1
BRDA:418,63,1,2
BRDA:427,64,0,4
BRDA:427,64,1,0
BRF:129
BRH:108
end_of_record
