TN:
SF:/Users/mk/workspace/hinoki/lib/hinoki.js
FN:2,(anonymous_1)
FN:19,(anonymous_2)
FN:21,(anonymous_3)
FN:46,(anonymous_4)
FN:51,(anonymous_5)
FN:54,(anonymous_6)
FN:62,(anonymous_7)
FN:118,(anonymous_8)
FN:124,(anonymous_9)
FN:129,(anonymous_10)
FN:137,(anonymous_11)
FN:150,(anonymous_12)
FN:168,(anonymous_13)
FN:178,(anonymous_14)
FN:192,(anonymous_15)
FN:194,(anonymous_16)
FN:203,(anonymous_17)
FN:227,(anonymous_18)
FN:237,(anonymous_19)
FN:239,(anonymous_20)
FN:248,(anonymous_21)
FN:257,(anonymous_22)
FN:268,(anonymous_23)
FN:278,(anonymous_24)
FN:289,(anonymous_25)
FN:299,(anonymous_26)
FN:302,(anonymous_27)
FN:305,(anonymous_28)
FN:316,(anonymous_29)
FN:319,(anonymous_30)
FN:332,(anonymous_31)
FN:338,(anonymous_32)
FN:344,(anonymous_33)
FN:356,(anonymous_34)
FN:368,(anonymous_35)
FN:375,(anonymous_36)
FN:382,(anonymous_37)
FN:394,(anonymous_38)
FN:397,(anonymous_39)
FN:413,(anonymous_40)
FN:416,(anonymous_41)
FN:423,(anonymous_42)
FN:425,(anonymous_43)
FN:434,(anonymous_44)
FNF:44
FNH:43
FNDA:1,(anonymous_1)
FNDA:1,(anonymous_2)
FNDA:50,(anonymous_3)
FNDA:233,(anonymous_4)
FNDA:72,(anonymous_5)
FNDA:124,(anonymous_6)
FNDA:161,(anonymous_7)
FNDA:90,(anonymous_8)
FNDA:84,(anonymous_9)
FNDA:10,(anonymous_10)
FNDA:104,(anonymous_11)
FNDA:100,(anonymous_12)
FNDA:22,(anonymous_13)
FNDA:1,(anonymous_14)
FNDA:14,(anonymous_15)
FNDA:26,(anonymous_16)
FNDA:11,(anonymous_17)
FNDA:90,(anonymous_18)
FNDA:0,(anonymous_19)
FNDA:2,(anonymous_20)
FNDA:2,(anonymous_21)
FNDA:1,(anonymous_22)
FNDA:2,(anonymous_23)
FNDA:1,(anonymous_24)
FNDA:3,(anonymous_25)
FNDA:4,(anonymous_26)
FNDA:36,(anonymous_27)
FNDA:164,(anonymous_28)
FNDA:32,(anonymous_29)
FNDA:39,(anonymous_30)
FNDA:134,(anonymous_31)
FNDA:5,(anonymous_32)
FNDA:22,(anonymous_33)
FNDA:11,(anonymous_34)
FNDA:17,(anonymous_35)
FNDA:111,(anonymous_36)
FNDA:12,(anonymous_37)
FNDA:2,(anonymous_38)
FNDA:7,(anonymous_39)
FNDA:129,(anonymous_40)
FNDA:8,(anonymous_41)
FNDA:4,(anonymous_42)
FNDA:6,(anonymous_43)
FNDA:1,(anonymous_44)
DA:2,1
DA:3,1
DA:4,0
DA:5,1
DA:6,1
DA:8,0
DA:9,0
DA:11,0
DA:12,0
DA:14,0
DA:15,0
DA:17,0
DA:20,1
DA:21,1
DA:22,50
DA:23,50
DA:24,50
DA:25,49
DA:26,49
DA:28,1
DA:29,1
DA:31,50
DA:32,50
DA:33,12
DA:34,12
DA:35,12
DA:37,38
DA:38,1
DA:39,1
DA:40,1
DA:42,37
DA:43,37
DA:45,1
DA:46,1
DA:47,233
DA:48,233
DA:49,233
DA:51,1
DA:52,72
DA:53,72
DA:54,72
DA:55,124
DA:56,124
DA:57,124
DA:58,124
DA:60,72
DA:62,1
DA:63,161
DA:64,161
DA:65,161
DA:66,161
DA:67,62
DA:68,62
DA:81,62
DA:83,99
DA:84,99
DA:85,2
DA:87,97
DA:88,1
DA:90,96
DA:91,8
DA:97,96
DA:98,96
DA:99,96
DA:100,96
DA:101,96
DA:102,98
DA:103,98
DA:104,98
DA:105,98
DA:106,2
DA:108,96
DA:110,94
DA:111,59
DA:112,59
DA:113,59
DA:115,35
DA:116,35
DA:118,94
DA:119,90
DA:121,94
DA:122,94
DA:124,94
DA:125,84
DA:126,84
DA:128,84
DA:130,10
DA:131,10
DA:133,10
DA:135,94
DA:137,1
DA:138,104
DA:139,104
DA:140,104
DA:142,3
DA:143,3
DA:144,2
DA:146,1
DA:150,1
DA:151,100
DA:152,100
DA:153,100
DA:154,2
DA:156,98
DA:157,1
DA:159,97
DA:160,23
DA:161,2
DA:168,23
DA:169,22
DA:170,2
DA:177,22
DA:179,1
DA:182,74
DA:183,6
DA:190,74
DA:192,1
DA:193,14
DA:194,14
DA:195,26
DA:196,26
DA:197,26
DA:198,26
DA:199,2
DA:201,24
DA:202,15
DA:203,15
DA:204,11
DA:206,15
DA:207,9
DA:208,9
DA:211,14
DA:212,5
DA:213,9
DA:214,9
DA:215,9
DA:216,9
DA:217,9
DA:218,9
DA:219,22
DA:220,22
DA:221,13
DA:224,9
DA:227,1
DA:228,90
DA:229,90
DA:230,85
DA:232,5
DA:233,5
DA:234,5
DA:237,1
DA:238,1
DA:239,1
DA:240,2
DA:241,2
DA:242,2
DA:243,2
DA:245,2
DA:247,1
DA:248,1
DA:249,2
DA:250,2
DA:251,2
DA:252,2
DA:254,2
DA:256,1
DA:257,1
DA:258,1
DA:259,1
DA:260,1
DA:261,1
DA:263,1
DA:264,1
DA:265,1
DA:267,1
DA:268,1
DA:269,2
DA:270,2
DA:271,2
DA:272,2
DA:274,2
DA:275,2
DA:277,1
DA:278,1
DA:279,1
DA:280,1
DA:281,1
DA:282,1
DA:284,1
DA:285,1
DA:286,1
DA:288,1
DA:289,1
DA:290,3
DA:291,3
DA:292,3
DA:293,3
DA:295,3
DA:296,3
DA:298,1
DA:299,1
DA:300,4
DA:302,1
DA:303,36
DA:305,1
DA:306,164
DA:307,164
DA:308,35
DA:310,129
DA:311,129
DA:312,127
DA:313,111
DA:315,16
DA:316,16
DA:317,32
DA:318,32
DA:319,32
DA:320,39
DA:323,16
DA:325,127
DA:326,108
DA:328,127
DA:330,2
DA:332,1
DA:333,134
DA:334,134
DA:335,134
DA:337,1
DA:338,1
DA:339,5
DA:340,0
DA:342,5
DA:344,1
DA:345,22
DA:346,22
DA:347,22
DA:348,13
DA:349,13
DA:350,2
DA:352,11
DA:353,6
DA:355,11
DA:356,11
DA:357,11
DA:358,0
DA:360,11
DA:361,0
DA:363,11
DA:364,11
DA:366,9
DA:367,9
DA:368,9
DA:369,17
DA:372,20
DA:375,1
DA:376,111
DA:377,111
DA:378,57
DA:380,54
DA:381,2
DA:382,2
DA:383,12
DA:384,12
DA:385,12
DA:386,12
DA:387,32
DA:388,32
DA:389,10
DA:392,2
DA:394,2
DA:395,2
DA:396,2
DA:397,2
DA:398,7
DA:399,3
DA:402,2
DA:404,2
DA:406,52
DA:407,5
DA:408,0
DA:410,5
DA:412,47
DA:413,47
DA:414,129
DA:416,47
DA:417,8
DA:419,47
DA:421,0
DA:423,1
DA:424,4
DA:425,4
DA:426,6
DA:427,6
DA:428,6
DA:429,3
DA:431,3
DA:432,1
DA:434,2
DA:435,1
DA:437,2
DA:438,2
DA:440,4
DA:441,4
DA:443,4
DA:445,1
LF:305
LH:292
BRDA:3,1,0,0
BRDA:3,1,1,1
BRDA:3,2,0,1
BRDA:3,2,1,0
BRDA:5,3,0,1
BRDA:5,3,1,0
BRDA:5,4,0,1
BRDA:5,4,1,1
BRDA:8,5,0,0
BRDA:8,5,1,0
BRDA:11,6,0,0
BRDA:11,6,1,0
BRDA:14,7,0,0
BRDA:14,7,1,0
BRDA:24,8,0,49
BRDA:24,8,1,1
BRDA:32,9,0,12
BRDA:32,9,1,38
BRDA:37,10,0,1
BRDA:37,10,1,37
BRDA:45,11,0,1
BRDA:45,11,1,1
BRDA:45,12,0,1
BRDA:45,12,1,0
BRDA:45,13,0,1
BRDA:45,13,1,0
BRDA:66,14,0,62
BRDA:66,14,1,99
BRDA:68,15,0,25
BRDA:68,15,1,37
BRDA:68,16,0,4
BRDA:68,16,1,21
BRDA:74,17,0,6
BRDA:74,17,1,31
BRDA:84,18,0,2
BRDA:84,18,1,97
BRDA:87,19,0,1
BRDA:87,19,1,96
BRDA:90,20,0,8
BRDA:90,20,1,88
BRDA:105,21,0,2
BRDA:105,21,1,96
BRDA:110,22,0,59
BRDA:110,22,1,35
BRDA:121,23,0,94
BRDA:121,23,1,0
BRDA:125,24,0,84
BRDA:125,24,1,0
BRDA:130,25,0,10
BRDA:130,25,1,0
BRDA:143,26,0,2
BRDA:143,26,1,1
BRDA:153,27,0,2
BRDA:153,27,1,98
BRDA:156,28,0,1
BRDA:156,28,1,97
BRDA:159,29,0,23
BRDA:159,29,1,74
BRDA:160,30,0,2
BRDA:160,30,1,21
BRDA:169,31,0,2
BRDA:169,31,1,20
BRDA:182,32,0,6
BRDA:182,32,1,68
BRDA:198,33,0,2
BRDA:198,33,1,24
BRDA:201,34,0,15
BRDA:201,34,1,9
BRDA:207,35,0,9
BRDA:207,35,1,0
BRDA:211,36,0,5
BRDA:211,36,1,9
BRDA:213,37,0,9
BRDA:213,37,1,0
BRDA:220,38,0,13
BRDA:220,38,1,9
BRDA:229,39,0,85
BRDA:229,39,1,5
BRDA:242,40,0,2
BRDA:242,40,1,0
BRDA:251,41,0,2
BRDA:251,41,1,0
BRDA:260,42,0,1
BRDA:260,42,1,0
BRDA:271,43,0,2
BRDA:271,43,1,0
BRDA:281,44,0,1
BRDA:281,44,1,0
BRDA:292,45,0,3
BRDA:292,45,1,0
BRDA:307,46,0,35
BRDA:307,46,1,129
BRDA:311,47,0,127
BRDA:311,47,1,2
BRDA:311,48,0,129
BRDA:311,48,1,113
BRDA:312,49,0,111
BRDA:312,49,1,16
BRDA:325,50,0,108
BRDA:325,50,1,19
BRDA:335,51,0,134
BRDA:335,51,1,17
BRDA:335,51,2,12
BRDA:337,52,0,1
BRDA:337,52,1,0
BRDA:339,53,0,0
BRDA:339,53,1,5
BRDA:347,54,0,13
BRDA:347,54,1,9
BRDA:349,55,0,2
BRDA:349,55,1,11
BRDA:349,56,0,13
BRDA:349,56,1,8
BRDA:352,57,0,6
BRDA:352,57,1,5
BRDA:357,58,0,0
BRDA:357,58,1,11
BRDA:360,59,0,0
BRDA:360,59,1,11
BRDA:366,60,0,9
BRDA:366,60,1,0
BRDA:377,61,0,57
BRDA:377,61,1,54
BRDA:380,62,0,2
BRDA:380,62,1,52
BRDA:388,63,0,10
BRDA:388,63,1,22
BRDA:398,64,0,3
BRDA:398,64,1,4
BRDA:406,65,0,5
BRDA:406,65,1,47
BRDA:407,66,0,0
BRDA:407,66,1,5
BRDA:412,67,0,47
BRDA:412,67,1,0
BRDA:428,68,0,3
BRDA:428,68,1,3
BRDA:431,69,0,1
BRDA:431,69,1,2
BRDA:440,70,0,4
BRDA:440,70,1,0
BRF:141
BRH:111
end_of_record
